Loading weights:   0%|          | 0/223 [00:00<?, ?it/s]Loading weights: 100%|██████████| 223/223 [00:00<00:00, 4103.75it/s]
/home/nickyun/links/scratch/new_study/opensemcom/src/opensemcom/cli/extract_features.py:180: VisibleDeprecationWarning: dtype(): align should be passed as Python or NumPy boolean but got `align=0`. Did you mean to pass a tuple to create a subarray type? (Deprecated NumPy 2.4)
  payload = pickle.load(handle, encoding="latin1")
Traceback (most recent call last):
  File "<frozen runpy>", line 198, in _run_module_as_main
  File "<frozen runpy>", line 88, in _run_code
  File "/home/nickyun/links/scratch/new_study/opensemcom/src/opensemcom/cli/extract_features.py", line 248, in <module>
    main()
  File "/home/nickyun/links/scratch/new_study/opensemcom/src/opensemcom/cli/extract_features.py", line 66, in main
    output_rows.extend(extractor.extract_batch(pending, args.model_id))
                       ^^^^^^^^^^^^^^^^^^^^^^^^^^^^^^^^^^^^^^^^^^^^^^^
  File "/home/nickyun/links/scratch/new_study/opensemcom/src/opensemcom/cli/extract_features.py", line 126, in extract_batch
    features = self._extract_modality(modality, [payload for _, payload, _ in items])
               ^^^^^^^^^^^^^^^^^^^^^^^^^^^^^^^^^^^^^^^^^^^^^^^^^^^^^^^^^^^^^^^^^^^^^^
  File "/home/nickyun/links/scratch/new_study/opensemcom/src/opensemcom/cli/extract_features.py", line 136, in _extract_modality
    inputs = self.processor(images=payloads, return_tensors="pt", padding=True)
             ^^^^^^^^^^^^^^^^^^^^^^^^^^^^^^^^^^^^^^^^^^^^^^^^^^^^^^^^^^^^^^^^^^
  File "/home/nickyun/links/scratch/new_study/opensemcom/.venv/lib/python3.11/site-packages/transformers/image_processing_utils.py", line 217, in __call__
    return self.preprocess(images, *args, **kwargs)
           ^^^^^^^^^^^^^^^^^^^^^^^^^^^^^^^^^^^^^^^^
  File "/home/nickyun/links/scratch/new_study/opensemcom/.venv/lib/python3.11/site-packages/transformers/image_processing_utils.py", line 388, in preprocess
    validate_typed_dict(self.valid_kwargs, kwargs)
  File "/home/nickyun/links/scratch/new_study/opensemcom/.venv/lib/python3.11/site-packages/huggingface_hub/dataclasses.py", line 333, in validate_typed_dict
    strict_cls(**data)  # will raise if validation fails
    ^^^^^^^^^^^^^^^^^^
  File "/home/nickyun/links/scratch/new_study/opensemcom/.venv/lib/python3.11/site-packages/huggingface_hub/dataclasses.py", line 275, in init_with_validate
    initial_init(self, *args, **kwargs)  # type: ignore [call-arg]
    ^^^^^^^^^^^^^^^^^^^^^^^^^^^^^^^^^^^
TypeError: ImagesKwargs.__init__() got an unexpected keyword argument 'padding'
