{
  "indexed_rows": 8832,
  "regimes": {
    "channel-open": 384,
    "class-open": 3264,
    "closed-id": 768,
    "full-open": 4202,
    "resource-open": 384,
    "source-open": 692,
    "task-open": 162
  },
  "rows": 9856,
  "splits": {
    "calibration": 384,
    "eval": 9472
  }
}

scontrol show job 604360
JobId=604360 JobName=osc-train-smoke
   UserId=nickyun(3149997) GroupId=nickyun(3149997) MCS_label=N/A
   Priority=10481754 Nice=0 Account=def-pingw QOS=normal
   JobState=COMPLETING Reason=NonZeroExitCode Dependency=(null)
   Requeue=0 Restarts=0 BatchFlag=1 Reboot=0 ExitCode=1:0
   RunTime=00:00:05 TimeLimit=00:10:00 TimeMin=N/A
   SubmitTime=2026-06-17T14:35:50 EligibleTime=2026-06-17T14:35:50
   AccrueTime=2026-06-17T14:35:50
   StartTime=2026-06-17T14:35:51 EndTime=2026-06-17T14:35:56 Deadline=N/A
   SuspendTime=None SecsPreSuspend=0 LastSchedEval=2026-06-17T14:35:51 Scheduler=Main
   Partition=debug AllocNode:Sid=trig-login01:3329245
   ReqNodeList=(null) ExcNodeList=(null)
   NodeList=trig0037
   BatchHost=trig0037
   NumNodes=1 NumCPUs=2 NumTasks=1 CPUs/Task=2 ReqB:S:C:T=0:0:*:*
   ReqTRES=cpu=2,mem=192500M,node=1,billing=1,gres/gpu=1
   AllocTRES=cpu=2,mem=192500M,node=1,billing=1,gres/gpu=1
   Socks/Node=* NtasksPerN:B:S:C=0:0:*:* CoreSpec=*
   MinCPUsNode=2 MinMemoryNode=192500M MinTmpDiskNode=0
   Features=(null) DelayBoot=00:00:00
   OverSubscribe=OK Contiguous=0 Licenses=(null) LicensesAlloc=(null) Network=(null)
   Command=/scratch/nickyun/new_study/opensemcom/slurm/train_opensemcom_smoke.slurm
   SubmitLine=SBATCH --comment /opt/slurm/bin/sbatch --export=NONE --get-user-env slurm/train_opensemcom_smoke.slurm --export=NONE --get-user-env slurm/train_opensemcom_smoke.slurm
   WorkDir=/scratch/nickyun/new_study/opensemcom
   Comment=/opt/slurm/bin/sbatch --export=NONE --get-user-env slurm/train_opensemcom_smoke.slurm
   StdErr=/home/nickyun/links/scratch/new_study/opensemcom/logs/osc-train-smoke-604360.err
   StdIn=/dev/null
   StdOut=/home/nickyun/links/scratch/new_study/opensemcom/logs/osc-train-smoke-604360.out
   TresPerNode=gres/gpu:1
   TresPerTask=cpu=2

sacct -j 604360
JobID           JobName    Account    Elapsed  MaxVMSize     MaxRSS  SystemCPU    UserCPU ExitCode 
------------ ---------- ---------- ---------- ---------- ---------- ---------- ---------- -------- 
604360       osc-train+  def-pingw   00:00:05                         00:00:00   00:00:00      0:0 
604360.batch      batch  def-pingw   00:00:05                         00:00:00   00:00:00      0:0 
604360.exte+     extern  def-pingw   00:00:05                         00:00:00   00:00:00      0:0 

