
scontrol show job 604970
JobId=604970 JobName=osc-clip-feats
   UserId=nickyun(3149997) GroupId=nickyun(3149997) MCS_label=N/A
   Priority=10475973 Nice=0 Account=def-pingw QOS=normal
   JobState=COMPLETING Reason=None Dependency=(null)
   Requeue=0 Restarts=0 BatchFlag=1 Reboot=0 ExitCode=0:15
   RunTime=00:03:37 TimeLimit=01:00:00 TimeMin=N/A
   SubmitTime=2026-06-17T17:11:49 EligibleTime=2026-06-17T17:11:49
   AccrueTime=2026-06-17T17:11:49
   StartTime=2026-06-17T17:11:50 EndTime=2026-06-17T17:15:27 Deadline=N/A
   SuspendTime=None SecsPreSuspend=0 LastSchedEval=2026-06-17T17:11:50 Scheduler=Main
   Partition=debug AllocNode:Sid=trig-login01:232203
   ReqNodeList=(null) ExcNodeList=(null)
   NodeList=trig0001
   BatchHost=trig0001
   NumNodes=1 NumCPUs=4 NumTasks=1 CPUs/Task=4 ReqB:S:C:T=0:0:*:*
   ReqTRES=cpu=4,mem=192500M,node=1,billing=1,gres/gpu=1
   AllocTRES=cpu=4,mem=192500M,node=1,billing=1,gres/gpu=1
   Socks/Node=* NtasksPerN:B:S:C=0:0:*:* CoreSpec=*
   MinCPUsNode=4 MinMemoryNode=192500M MinTmpDiskNode=0
   Features=(null) DelayBoot=00:00:00
   OverSubscribe=OK Contiguous=0 Licenses=(null) LicensesAlloc=(null) Network=(null)
   Command=/scratch/nickyun/new_study/opensemcom/slurm/extract_clip_features.slurm
   SubmitLine=SBATCH --comment /opt/slurm/bin/sbatch --export=NONE --get-user-env --partition=debug --time=01:00:00 slurm/extract_clip_features.slurm --export=NONE --get-user-env --partition=debug --time=01:00:00 slurm/extract_clip_features.slurm
   WorkDir=/scratch/nickyun/new_study/opensemcom
   Comment=/opt/slurm/bin/sbatch --export=NONE --get-user-env --partition=debug --time=01:00:00 slurm/extract_clip_features.slurm
   StdErr=/home/nickyun/links/scratch/new_study/opensemcom/logs/osc-clip-feats-604970.err
   StdIn=/dev/null
   StdOut=/home/nickyun/links/scratch/new_study/opensemcom/logs/osc-clip-feats-604970.out
   TresPerNode=gres/gpu:1
   TresPerTask=cpu=4

sacct -j 604970
JobID           JobName    Account    Elapsed  MaxVMSize     MaxRSS  SystemCPU    UserCPU ExitCode 
------------ ---------- ---------- ---------- ---------- ---------- ---------- ---------- -------- 
604970       osc-clip-+  def-pingw   00:03:37                        00:01.015  00:02.013      0:0 
604970.batch      batch  def-pingw   00:03:38          0    583360K  00:01.015  00:02.013     0:15 
604970.exte+     extern  def-pingw   00:03:39                         00:00:00   00:00:00      0:0 

