{
  "indexed_rows": 0,
  "regimes": {
    "channel-open": 384,
    "class-open": 3264,
    "closed-id": 768,
    "full-open": 4344,
    "resource-open": 384,
    "source-open": 1204,
    "task-open": 1044
  },
  "rows": 11392,
  "splits": {
    "calibration": 384,
    "eval": 11008
  }
}
{
  "calibration_samples": 384,
  "dataset_manifest": "/scratch/nickyun/new_study/opensemcom/manifests/opensemcom_real_facebook__dinov3-vitb16-pretrain-lvd1689m.csv",
  "decisions": {
    "accept": 151,
    "fallback": 137,
    "refine": 4,
    "semantic-HARQ": 92
  },
  "evaluated_samples": 384,
  "manifest_summary": {
    "indexed_rows": 0,
    "regimes": {
      "channel-open": 384,
      "class-open": 3264,
      "closed-id": 768,
      "full-open": 4344,
      "resource-open": 384,
      "source-open": 1204,
      "task-open": 1044
    },
    "rows": 11392,
    "splits": {
      "calibration": 384,
      "eval": 11008
    }
  },
  "metrics": {
    "accuracy": 0.9348958333333334,
    "adaptation_harm_rate": 0.13043478260869565,
    "auroc_ood": 0.5,
    "certified_accept_rate": 0.0,
    "coverage": 0.6432291666666666,
    "fpr95": 1.0,
    "open_semantic_outage": 0.0,
    "open_semantic_risk": 0.5151837851324326,
    "open_set_f1": 0.0,
    "prediction_set_size": 0.6432291666666666,
    "risk_latency_product": 1.2600536744697328,
    "risk_per_joule": 0.0007294121267626089,
    "semantic_goodput": 0.1493570722057369,
    "semantic_outage": 0.06510416666666667
  },
  "name": "closed-id_dinov3_vitb16_ablate_full_seed0_605215",
  "regime": "closed-id",
  "samples": 20000,
  "seed": 0,
  "users": 4
}
{
  "calibration_samples": 384,
  "dataset_manifest": "/scratch/nickyun/new_study/opensemcom/manifests/opensemcom_real_facebook__dinov3-vitb16-pretrain-lvd1689m.csv",
  "decisions": {
    "accept": 242,
    "fallback": 41,
    "refine": 31,
    "semantic-HARQ": 70
  },
  "evaluated_samples": 384,
  "manifest_summary": {
    "indexed_rows": 0,
    "regimes": {
      "channel-open": 384,
      "class-open": 3264,
      "closed-id": 768,
      "full-open": 4344,
      "resource-open": 384,
      "source-open": 1204,
      "task-open": 1044
    },
    "rows": 11392,
    "splits": {
      "calibration": 384,
      "eval": 11008
    }
  },
  "metrics": {
    "accuracy": 0.9166666666666666,
    "adaptation_harm_rate": 0.13043478260869565,
    "auroc_ood": 0.5,
    "certified_accept_rate": 0.0,
    "coverage": 0.8723958333333334,
    "fpr95": 1.0,
    "open_semantic_outage": 0.0,
    "open_semantic_risk": 0.27497348082638506,
    "open_set_f1": 0.0,
    "prediction_set_size": 0.8932291666666666,
    "risk_latency_product": 1.0877206181647887,
    "risk_per_joule": 0.00021159944657667183,
    "semantic_goodput": 0.07846952010376135,
    "semantic_outage": 0.08333333333333333
  },
  "name": "channel-open_dinov3_vitb16_ablate_full_seed0_605215",
  "regime": "channel-open",
  "samples": 20000,
  "seed": 0,
  "users": 4
}
{
  "calibration_samples": 384,
  "dataset_manifest": "/scratch/nickyun/new_study/opensemcom/manifests/opensemcom_real_facebook__dinov3-vitb16-pretrain-lvd1689m.csv",
  "decisions": {
    "accept": 151,
    "fallback": 1341,
    "refine": 4,
    "semantic-HARQ": 92
  },
  "evaluated_samples": 1588,
  "manifest_summary": {
    "indexed_rows": 0,
    "regimes": {
      "channel-open": 384,
      "class-open": 3264,
      "closed-id": 768,
      "full-open": 4344,
      "resource-open": 384,
      "source-open": 1204,
      "task-open": 1044
    },
    "rows": 11392,
    "splits": {
      "calibration": 384,
      "eval": 11008
    }
  },
  "metrics": {
    "accuracy": 0.38224181360201515,
    "adaptation_harm_rate": 0.1111111111111111,
    "auroc_ood": 1.0,
    "certified_accept_rate": 0.0,
    "coverage": 0.15554156171284636,
    "fpr95": 0.0,
    "open_semantic_outage": 0.0,
    "open_semantic_risk": 0.7258526623607825,
    "open_set_f1": 0.7947947947947948,
    "prediction_set_size": 0.15554156171284636,
    "risk_latency_product": 1.9702237505289708,
    "risk_per_joule": 0.0002636492181035168,
    "semantic_goodput": 0.0441649605147704,
    "semantic_outage": 0.6177581863979849
  },
  "name": "source-open_dinov3_vitb16_ablate_full_seed0_605215",
  "regime": "source-open",
  "samples": 20000,
  "seed": 0,
  "users": 4
}
{
  "calibration_samples": 384,
  "dataset_manifest": "/scratch/nickyun/new_study/opensemcom/manifests/opensemcom_real_facebook__dinov3-vitb16-pretrain-lvd1689m.csv",
  "decisions": {
    "accept": 151,
    "fallback": 3401,
    "refine": 4,
    "semantic-HARQ": 92
  },
  "evaluated_samples": 3648,
  "manifest_summary": {
    "indexed_rows": 0,
    "regimes": {
      "channel-open": 384,
      "class-open": 3264,
      "closed-id": 768,
      "full-open": 4344,
      "resource-open": 384,
      "source-open": 1204,
      "task-open": 1044
    },
    "rows": 11392,
    "splits": {
      "calibration": 384,
      "eval": 11008
    }
  },
  "metrics": {
    "accuracy": 0.09841008771929827,
    "adaptation_harm_rate": 0.013215859030837005,
    "auroc_ood": 0.9935661764705882,
    "certified_accept_rate": 0.0,
    "coverage": 0.06770833333333333,
    "fpr95": 0.026041666666666668,
    "open_semantic_outage": 0.0,
    "open_semantic_risk": 0.867776760309443,
    "open_set_f1": 0.7169811320754718,
    "prediction_set_size": 0.0693530701754386,
    "risk_latency_product": 2.398137234480131,
    "risk_per_joule": 0.0001386978167550267,
    "semantic_goodput": 0.020029181589070168,
    "semantic_outage": 0.9015899122807017
  },
  "name": "class-open_dinov3_vitb16_ablate_full_seed0_605215",
  "regime": "class-open",
  "samples": 20000,
  "seed": 0,
  "users": 4
}
{
  "calibration_samples": 384,
  "dataset_manifest": "/scratch/nickyun/new_study/opensemcom/manifests/opensemcom_real_facebook__dinov3-vitb16-pretrain-lvd1689m.csv",
  "decisions": {
    "accept": 151,
    "fallback": 1181,
    "refine": 4,
    "semantic-HARQ": 92
  },
  "evaluated_samples": 1428,
  "manifest_summary": {
    "indexed_rows": 0,
    "regimes": {
      "channel-open": 384,
      "class-open": 3264,
      "closed-id": 768,
      "full-open": 4344,
      "resource-open": 384,
      "source-open": 1204,
      "task-open": 1044
    },
    "rows": 11392,
    "splits": {
      "calibration": 384,
      "eval": 11008
    }
  },
  "metrics": {
    "accuracy": 0.3046218487394958,
    "adaptation_harm_rate": 0.1348314606741573,
    "auroc_ood": 1.0,
    "certified_accept_rate": 0.0,
    "coverage": 0.17296918767507002,
    "fpr95": 0.0,
    "open_semantic_outage": 0.0,
    "open_semantic_risk": 0.7031910638499109,
    "open_set_f1": 0.8122866894197952,
    "prediction_set_size": 0.17366946778711484,
    "risk_latency_product": 1.9019644012702812,
    "risk_per_joule": 0.0002834190737374202,
    "semantic_goodput": 0.04872539528880284,
    "semantic_outage": 0.6953781512605042
  },
  "name": "task-open_dinov3_vitb16_ablate_full_seed0_605215",
  "regime": "task-open",
  "samples": 20000,
  "seed": 0,
  "users": 4
}
{
  "calibration_samples": 384,
  "dataset_manifest": "/scratch/nickyun/new_study/opensemcom/manifests/opensemcom_real_facebook__dinov3-vitb16-pretrain-lvd1689m.csv",
  "decisions": {
    "accept": 157,
    "fallback": 118,
    "refine": 6,
    "semantic-HARQ": 103
  },
  "evaluated_samples": 384,
  "manifest_summary": {
    "indexed_rows": 0,
    "regimes": {
      "channel-open": 384,
      "class-open": 3264,
      "closed-id": 768,
      "full-open": 4344,
      "resource-open": 384,
      "source-open": 1204,
      "task-open": 1044
    },
    "rows": 11392,
    "splits": {
      "calibration": 384,
      "eval": 11008
    }
  },
  "metrics": {
    "accuracy": 0.9244791666666666,
    "adaptation_harm_rate": 0.043478260869565216,
    "auroc_ood": 0.5,
    "certified_accept_rate": 0.0,
    "coverage": 0.6927083333333334,
    "fpr95": 1.0,
    "open_semantic_outage": 0.0,
    "open_semantic_risk": 0.45385387925924664,
    "open_set_f1": 0.0,
    "prediction_set_size": 0.6927083333333334,
    "risk_latency_product": 1.1230519689378469,
    "risk_per_joule": 0.0006300900725520545,
    "semantic_goodput": 0.15272373540856032,
    "semantic_outage": 0.07552083333333333
  },
  "name": "resource-open_dinov3_vitb16_ablate_full_seed0_605215",
  "regime": "resource-open",
  "samples": 20000,
  "seed": 0,
  "users": 4
}
{
  "calibration_samples": 384,
  "dataset_manifest": "/scratch/nickyun/new_study/opensemcom/manifests/opensemcom_real_facebook__dinov3-vitb16-pretrain-lvd1689m.csv",
  "decisions": {
    "accept": 4,
    "fallback": 3729,
    "refine": 159,
    "semantic-HARQ": 452
  },
  "evaluated_samples": 4344,
  "manifest_summary": {
    "indexed_rows": 0,
    "regimes": {
      "channel-open": 384,
      "class-open": 3264,
      "closed-id": 768,
      "full-open": 4344,
      "resource-open": 384,
      "source-open": 1204,
      "task-open": 1044
    },
    "rows": 11392,
    "splits": {
      "calibration": 384,
      "eval": 11008
    }
  },
  "metrics": {
    "accuracy": 0.024401473296500886,
    "adaptation_harm_rate": 0.0,
    "auroc_ood": 0.9693385679713805,
    "certified_accept_rate": 0.0,
    "coverage": 0.11671270718232044,
    "fpr95": 0.2604166666666667,
    "open_semantic_outage": 0.75,
    "open_semantic_risk": 0.8503939168976453,
    "open_set_f1": 0.7084148727984345,
    "prediction_set_size": 5.134438305709024,
    "risk_latency_product": 3.4143002542844916,
    "risk_per_joule": 6.398028190179026e-05,
    "semantic_goodput": 3.646175162254795e-05,
    "semantic_outage": 0.9755985267034991
  },
  "name": "full-open_dinov3_vitb16_ablate_full_seed0_605215",
  "regime": "full-open",
  "samples": 20000,
  "seed": 0,
  "users": 4
}
{
  "calibration_samples": 384,
  "dataset_manifest": "/scratch/nickyun/new_study/opensemcom/manifests/opensemcom_real_facebook__dinov3-vitb16-pretrain-lvd1689m.csv",
  "decisions": {
    "accept": 254,
    "fallback": 130
  },
  "evaluated_samples": 384,
  "manifest_summary": {
    "indexed_rows": 0,
    "regimes": {
      "channel-open": 384,
      "class-open": 3264,
      "closed-id": 768,
      "full-open": 4344,
      "resource-open": 384,
      "source-open": 1204,
      "task-open": 1044
    },
    "rows": 11392,
    "splits": {
      "calibration": 384,
      "eval": 11008
    }
  },
  "metrics": {
    "accuracy": 0.9322916666666666,
    "adaptation_harm_rate": 0.13043478260869565,
    "auroc_ood": 0.5,
    "certified_accept_rate": 0.0,
    "coverage": 0.6614583333333334,
    "fpr95": 1.0,
    "open_semantic_outage": 0.0,
    "open_semantic_risk": 0.4865393808336056,
    "open_set_f1": 0.0,
    "prediction_set_size": 0.6614583333333334,
    "risk_latency_product": 1.0468198865747982,
    "risk_per_joule": 0.0007453115515220659,
    "semantic_goodput": 0.2497541789577188,
    "semantic_outage": 0.06770833333333333
  },
  "name": "closed-id_dinov3_vitb16_ablate_no_detector_seed0_605215",
  "regime": "closed-id",
  "samples": 20000,
  "seed": 0,
  "users": 4
}
{
  "calibration_samples": 384,
  "dataset_manifest": "/scratch/nickyun/new_study/opensemcom/manifests/opensemcom_real_facebook__dinov3-vitb16-pretrain-lvd1689m.csv",
  "decisions": {
    "accept": 344,
    "fallback": 40
  },
  "evaluated_samples": 384,
  "manifest_summary": {
    "indexed_rows": 0,
    "regimes": {
      "channel-open": 384,
      "class-open": 3264,
      "closed-id": 768,
      "full-open": 4344,
      "resource-open": 384,
      "source-open": 1204,
      "task-open": 1044
    },
    "rows": 11392,
    "splits": {
      "calibration": 384,
      "eval": 11008
    }
  },
  "metrics": {
    "accuracy": 0.9270833333333334,
    "adaptation_harm_rate": 0.13043478260869565,
    "auroc_ood": 0.5,
    "certified_accept_rate": 0.0,
    "coverage": 0.8645833333333334,
    "fpr95": 1.0,
    "open_semantic_outage": 0.03488372093023256,
    "open_semantic_risk": 0.2785034561993877,
    "open_set_f1": 0.0,
    "prediction_set_size": 0.8958333333333334,
    "risk_latency_product": 0.8812023418808752,
    "risk_per_joule": 0.00024175647239530184,
    "semantic_goodput": 0.24757643549589858,
    "semantic_outage": 0.07291666666666667
  },
  "name": "channel-open_dinov3_vitb16_ablate_no_detector_seed0_605215",
  "regime": "channel-open",
  "samples": 20000,
  "seed": 0,
  "users": 4
}
{
  "calibration_samples": 384,
  "dataset_manifest": "/scratch/nickyun/new_study/opensemcom/manifests/opensemcom_real_facebook__dinov3-vitb16-pretrain-lvd1689m.csv",
  "decisions": {
    "accept": 255,
    "fallback": 1333
  },
  "evaluated_samples": 1588,
  "manifest_summary": {
    "indexed_rows": 0,
    "regimes": {
      "channel-open": 384,
      "class-open": 3264,
      "closed-id": 768,
      "full-open": 4344,
      "resource-open": 384,
      "source-open": 1204,
      "task-open": 1044
    },
    "rows": 11392,
    "splits": {
      "calibration": 384,
      "eval": 11008
    }
  },
  "metrics": {
    "accuracy": 0.38035264483627207,
    "adaptation_harm_rate": 0.1111111111111111,
    "auroc_ood": 0.5,
    "certified_accept_rate": 0.0,
    "coverage": 0.15994962216624686,
    "fpr95": 1.0,
    "open_semantic_outage": 0.00392156862745098,
    "open_semantic_risk": 0.714549349358996,
    "open_set_f1": 0.8624641833810888,
    "prediction_set_size": 0.1605793450881612,
    "risk_latency_product": 1.8882461521726528,
    "risk_per_joule": 0.0002646871200766796,
    "semantic_goodput": 0.07413893753648569,
    "semantic_outage": 0.6196473551637279
  },
  "name": "source-open_dinov3_vitb16_ablate_no_detector_seed0_605215",
  "regime": "source-open",
  "samples": 20000,
  "seed": 0,
  "users": 4
}
{
  "calibration_samples": 384,
  "dataset_manifest": "/scratch/nickyun/new_study/opensemcom/manifests/opensemcom_real_facebook__dinov3-vitb16-pretrain-lvd1689m.csv",
  "decisions": {
    "accept": 308,
    "fallback": 3340
  },
  "evaluated_samples": 3648,
  "manifest_summary": {
    "indexed_rows": 0,
    "regimes": {
      "channel-open": 384,
      "class-open": 3264,
      "closed-id": 768,
      "full-open": 4344,
      "resource-open": 384,
      "source-open": 1204,
      "task-open": 1044
    },
    "rows": 11392,
    "splits": {
      "calibration": 384,
      "eval": 11008
    }
  },
  "metrics": {
    "accuracy": 0.09813596491228072,
    "adaptation_harm_rate": 0.013215859030837005,
    "auroc_ood": 0.5,
    "certified_accept_rate": 0.0,
    "coverage": 0.06962719298245613,
    "fpr95": 1.0,
    "open_semantic_outage": 0.17532467532467533,
    "open_semantic_risk": 0.919343963544193,
    "open_set_f1": 0.9444444444444444,
    "prediction_set_size": 0.08442982456140351,
    "risk_latency_product": 2.498559153553312,
    "risk_per_joule": 0.0001482430281772854,
    "semantic_goodput": 0.033438651922064244,
    "semantic_outage": 0.9018640350877193
  },
  "name": "class-open_dinov3_vitb16_ablate_no_detector_seed0_605215",
  "regime": "class-open",
  "samples": 20000,
  "seed": 0,
  "users": 4
}
{
  "calibration_samples": 384,
  "dataset_manifest": "/scratch/nickyun/new_study/opensemcom/manifests/opensemcom_real_facebook__dinov3-vitb16-pretrain-lvd1689m.csv",
  "decisions": {
    "accept": 261,
    "fallback": 1167
  },
  "evaluated_samples": 1428,
  "manifest_summary": {
    "indexed_rows": 0,
    "regimes": {
      "channel-open": 384,
      "class-open": 3264,
      "closed-id": 768,
      "full-open": 4344,
      "resource-open": 384,
      "source-open": 1204,
      "task-open": 1044
    },
    "rows": 11392,
    "splits": {
      "calibration": 384,
      "eval": 11008
    }
  },
  "metrics": {
    "accuracy": 0.30602240896358546,
    "adaptation_harm_rate": 0.1348314606741573,
    "auroc_ood": 0.5,
    "certified_accept_rate": 0.0,
    "coverage": 0.1792717086834734,
    "fpr95": 1.0,
    "open_semantic_outage": 0.019157088122605363,
    "open_semantic_risk": 0.6978134945915342,
    "open_set_f1": 0.8446601941747572,
    "prediction_set_size": 0.18277310924369747,
    "risk_latency_product": 1.8292682322507061,
    "risk_per_joule": 0.0002874499483405564,
    "semantic_goodput": 0.0822886531661845,
    "semantic_outage": 0.6939775910364145
  },
  "name": "task-open_dinov3_vitb16_ablate_no_detector_seed0_605215",
  "regime": "task-open",
  "samples": 20000,
  "seed": 0,
  "users": 4
}
{
  "calibration_samples": 384,
  "dataset_manifest": "/scratch/nickyun/new_study/opensemcom/manifests/opensemcom_real_facebook__dinov3-vitb16-pretrain-lvd1689m.csv",
  "decisions": {
    "accept": 285,
    "fallback": 99
  },
  "evaluated_samples": 384,
  "manifest_summary": {
    "indexed_rows": 0,
    "regimes": {
      "channel-open": 384,
      "class-open": 3264,
      "closed-id": 768,
      "full-open": 4344,
      "resource-open": 384,
      "source-open": 1204,
      "task-open": 1044
    },
    "rows": 11392,
    "splits": {
      "calibration": 384,
      "eval": 11008
    }
  },
  "metrics": {
    "accuracy": 0.9401041666666666,
    "adaptation_harm_rate": 0.043478260869565216,
    "auroc_ood": 0.5,
    "certified_accept_rate": 0.0,
    "coverage": 0.7395833333333334,
    "fpr95": 1.0,
    "open_semantic_outage": 0.0035087719298245615,
    "open_semantic_risk": 0.3802718992132183,
    "open_set_f1": 0.0,
    "prediction_set_size": 0.7421875,
    "risk_latency_product": 0.7854991418122997,
    "risk_per_joule": 0.0005825243554124043,
    "semantic_goodput": 0.2704761904761905,
    "semantic_outage": 0.059895833333333336
  },
  "name": "resource-open_dinov3_vitb16_ablate_no_detector_seed0_605215",
  "regime": "resource-open",
  "samples": 20000,
  "seed": 0,
  "users": 4
}
{
  "calibration_samples": 384,
  "dataset_manifest": "/scratch/nickyun/new_study/opensemcom/manifests/opensemcom_real_facebook__dinov3-vitb16-pretrain-lvd1689m.csv",
  "decisions": {
    "accept": 24,
    "semantic-HARQ": 4320
  },
  "evaluated_samples": 4344,
  "manifest_summary": {
    "indexed_rows": 0,
    "regimes": {
      "channel-open": 384,
      "class-open": 3264,
      "closed-id": 768,
      "full-open": 4344,
      "resource-open": 384,
      "source-open": 1204,
      "task-open": 1044
    },
    "rows": 11392,
    "splits": {
      "calibration": 384,
      "eval": 11008
    }
  },
  "metrics": {
    "accuracy": 0.025552486187845336,
    "adaptation_harm_rate": 0.0,
    "auroc_ood": 0.5,
    "certified_accept_rate": 0.0,
    "coverage": 0.1171731123388582,
    "fpr95": 1.0,
    "open_semantic_outage": 1.0,
    "open_semantic_risk": 0.8876004095031473,
    "open_set_f1": 0.953757225433526,
    "prediction_set_size": 5.12707182320442,
    "risk_latency_product": 3.549788654304369,
    "risk_per_joule": 5.8385160960575385e-05,
    "semantic_goodput": 0.0,
    "semantic_outage": 0.9744475138121547
  },
  "name": "full-open_dinov3_vitb16_ablate_no_detector_seed0_605215",
  "regime": "full-open",
  "samples": 20000,
  "seed": 0,
  "users": 4
}
{
  "calibration_samples": 384,
  "dataset_manifest": "/scratch/nickyun/new_study/opensemcom/manifests/opensemcom_real_facebook__dinov3-vitb16-pretrain-lvd1689m.csv",
  "decisions": {
    "accept": 154,
    "fallback": 21,
    "refine": 5,
    "semantic-HARQ": 204
  },
  "evaluated_samples": 384,
  "manifest_summary": {
    "indexed_rows": 0,
    "regimes": {
      "channel-open": 384,
      "class-open": 3264,
      "closed-id": 768,
      "full-open": 4344,
      "resource-open": 384,
      "source-open": 1204,
      "task-open": 1044
    },
    "rows": 11392,
    "splits": {
      "calibration": 384,
      "eval": 11008
    }
  },
  "metrics": {
    "accuracy": 0.9713541666666666,
    "adaptation_harm_rate": 0.13043478260869565,
    "auroc_ood": 0.5,
    "certified_accept_rate": 0.0,
    "coverage": 0.9713541666666666,
    "fpr95": 1.0,
    "open_semantic_outage": 0.0,
    "open_semantic_risk": 0.24974736732741784,
    "open_set_f1": 0.0,
    "prediction_set_size": 1.0,
    "risk_latency_product": 0.6069381333071479,
    "risk_per_joule": 0.0003282694102621144,
    "semantic_goodput": 0.13676731793960922,
    "semantic_outage": 0.028645833333333332
  },
  "name": "closed-id_dinov3_vitb16_ablate_no_conformal_seed0_605215",
  "regime": "closed-id",
  "samples": 20000,
  "seed": 0,
  "users": 4
}
{
  "calibration_samples": 384,
  "dataset_manifest": "/scratch/nickyun/new_study/opensemcom/manifests/opensemcom_real_facebook__dinov3-vitb16-pretrain-lvd1689m.csv",
  "decisions": {
    "accept": 237,
    "fallback": 42,
    "refine": 26,
    "semantic-HARQ": 79
  },
  "evaluated_samples": 384,
  "manifest_summary": {
    "indexed_rows": 0,
    "regimes": {
      "channel-open": 384,
      "class-open": 3264,
      "closed-id": 768,
      "full-open": 4344,
      "resource-open": 384,
      "source-open": 1204,
      "task-open": 1044
    },
    "rows": 11392,
    "splits": {
      "calibration": 384,
      "eval": 11008
    }
  },
  "metrics": {
    "accuracy": 0.9166666666666666,
    "adaptation_harm_rate": 0.13043478260869565,
    "auroc_ood": 0.5,
    "certified_accept_rate": 0.0,
    "coverage": 0.9166666666666666,
    "fpr95": 1.0,
    "open_semantic_outage": 0.0,
    "open_semantic_risk": 0.23446516257188788,
    "open_set_f1": 0.0,
    "prediction_set_size": 1.0,
    "risk_latency_product": 0.9225959912659443,
    "risk_per_joule": 0.00018070532760839142,
    "semantic_goodput": 0.07775590551181102,
    "semantic_outage": 0.08333333333333333
  },
  "name": "channel-open_dinov3_vitb16_ablate_no_conformal_seed0_605215",
  "regime": "channel-open",
  "samples": 20000,
  "seed": 0,
  "users": 4
}
{
  "calibration_samples": 384,
  "dataset_manifest": "/scratch/nickyun/new_study/opensemcom/manifests/opensemcom_real_facebook__dinov3-vitb16-pretrain-lvd1689m.csv",
  "decisions": {
    "accept": 154,
    "fallback": 1225,
    "refine": 5,
    "semantic-HARQ": 204
  },
  "evaluated_samples": 1588,
  "manifest_summary": {
    "indexed_rows": 0,
    "regimes": {
      "channel-open": 384,
      "class-open": 3264,
      "closed-id": 768,
      "full-open": 4344,
      "resource-open": 384,
      "source-open": 1204,
      "task-open": 1044
    },
    "rows": 11392,
    "splits": {
      "calibration": 384,
      "eval": 11008
    }
  },
  "metrics": {
    "accuracy": 0.38539042821158687,
    "adaptation_harm_rate": 0.1111111111111111,
    "auroc_ood": 1.0,
    "certified_accept_rate": 0.0,
    "coverage": 0.3853904282115869,
    "fpr95": 0.0,
    "open_semantic_outage": 0.0,
    "open_semantic_risk": 0.4900197569075594,
    "open_set_f1": 0.7947947947947948,
    "prediction_set_size": 1.0,
    "risk_latency_product": 1.3282374317587902,
    "risk_per_joule": 0.00017453332273385344,
    "semantic_goodput": 0.04357668364459536,
    "semantic_outage": 0.6146095717884131
  },
  "name": "source-open_dinov3_vitb16_ablate_no_conformal_seed0_605215",
  "regime": "source-open",
  "samples": 20000,
  "seed": 0,
  "users": 4
}
{
  "calibration_samples": 384,
  "dataset_manifest": "/scratch/nickyun/new_study/opensemcom/manifests/opensemcom_real_facebook__dinov3-vitb16-pretrain-lvd1689m.csv",
  "decisions": {
    "accept": 154,
    "fallback": 3220,
    "refine": 13,
    "semantic-HARQ": 261
  },
  "evaluated_samples": 3648,
  "manifest_summary": {
    "indexed_rows": 0,
    "regimes": {
      "channel-open": 384,
      "class-open": 3264,
      "closed-id": 768,
      "full-open": 4344,
      "resource-open": 384,
      "source-open": 1204,
      "task-open": 1044
    },
    "rows": 11392,
    "splits": {
      "calibration": 384,
      "eval": 11008
    }
  },
  "metrics": {
    "accuracy": 0.10224780701754388,
    "adaptation_harm_rate": 0.013215859030837005,
    "auroc_ood": 0.9963905484068627,
    "certified_accept_rate": 0.0,
    "coverage": 0.10224780701754387,
    "fpr95": 0.015625,
    "open_semantic_outage": 0.0,
    "open_semantic_risk": 0.7630036557123888,
    "open_set_f1": 0.7169811320754718,
    "prediction_set_size": 1.0,
    "risk_latency_product": 2.1083832376762817,
    "risk_per_joule": 0.00012030773020173752,
    "semantic_goodput": 0.019971469329529243,
    "semantic_outage": 0.8977521929824561
  },
  "name": "class-open_dinov3_vitb16_ablate_no_conformal_seed0_605215",
  "regime": "class-open",
  "samples": 20000,
  "seed": 0,
  "users": 4
}
{
  "calibration_samples": 384,
  "dataset_manifest": "/scratch/nickyun/new_study/opensemcom/manifests/opensemcom_real_facebook__dinov3-vitb16-pretrain-lvd1689m.csv",
  "decisions": {
    "accept": 154,
    "fallback": 1065,
    "refine": 5,
    "semantic-HARQ": 204
  },
  "evaluated_samples": 1428,
  "manifest_summary": {
    "indexed_rows": 0,
    "regimes": {
      "channel-open": 384,
      "class-open": 3264,
      "closed-id": 768,
      "full-open": 4344,
      "resource-open": 384,
      "source-open": 1204,
      "task-open": 1044
    },
    "rows": 11392,
    "splits": {
      "calibration": 384,
      "eval": 11008
    }
  },
  "metrics": {
    "accuracy": 0.3158263305322129,
    "adaptation_harm_rate": 0.1348314606741573,
    "auroc_ood": 1.0,
    "certified_accept_rate": 0.0,
    "coverage": 0.3158263305322129,
    "fpr95": 0.0,
    "open_semantic_outage": 0.0,
    "open_semantic_risk": 0.47841459103184286,
    "open_set_f1": 0.8122866894197952,
    "prediction_set_size": 1.0,
    "risk_latency_product": 1.2919874151647364,
    "risk_per_joule": 0.00018867904678649848,
    "semantic_goodput": 0.04791537025513379,
    "semantic_outage": 0.6841736694677871
  },
  "name": "task-open_dinov3_vitb16_ablate_no_conformal_seed0_605215",
  "regime": "task-open",
  "samples": 20000,
  "seed": 0,
  "users": 4
}
{
  "calibration_samples": 384,
  "dataset_manifest": "/scratch/nickyun/new_study/opensemcom/manifests/opensemcom_real_facebook__dinov3-vitb16-pretrain-lvd1689m.csv",
  "decisions": {
    "accept": 176,
    "fallback": 23,
    "refine": 5,
    "semantic-HARQ": 180
  },
  "evaluated_samples": 384,
  "manifest_summary": {
    "indexed_rows": 0,
    "regimes": {
      "channel-open": 384,
      "class-open": 3264,
      "closed-id": 768,
      "full-open": 4344,
      "resource-open": 384,
      "source-open": 1204,
      "task-open": 1044
    },
    "rows": 11392,
    "splits": {
      "calibration": 384,
      "eval": 11008
    }
  },
  "metrics": {
    "accuracy": 0.9661458333333334,
    "adaptation_harm_rate": 0.043478260869565216,
    "auroc_ood": 0.5,
    "certified_accept_rate": 0.0,
    "coverage": 0.9661458333333334,
    "fpr95": 1.0,
    "open_semantic_outage": 0.0,
    "open_semantic_risk": 0.2403579166406781,
    "open_set_f1": 0.0,
    "prediction_set_size": 1.0,
    "risk_latency_product": 0.5772345591823748,
    "risk_per_joule": 0.0003186502938362415,
    "semantic_goodput": 0.15658362989323843,
    "semantic_outage": 0.033854166666666664
  },
  "name": "resource-open_dinov3_vitb16_ablate_no_conformal_seed0_605215",
  "regime": "resource-open",
  "samples": 20000,
  "seed": 0,
  "users": 4
}
{
  "calibration_samples": 384,
  "dataset_manifest": "/scratch/nickyun/new_study/opensemcom/manifests/opensemcom_real_facebook__dinov3-vitb16-pretrain-lvd1689m.csv",
  "decisions": {
    "accept": 396,
    "fallback": 3724,
    "refine": 71,
    "semantic-HARQ": 153
  },
  "evaluated_samples": 4344,
  "manifest_summary": {
    "indexed_rows": 0,
    "regimes": {
      "channel-open": 384,
      "class-open": 3264,
      "closed-id": 768,
      "full-open": 4344,
      "resource-open": 384,
      "source-open": 1204,
      "task-open": 1044
    },
    "rows": 11392,
    "splits": {
      "calibration": 384,
      "eval": 11008
    }
  },
  "metrics": {
    "accuracy": 0.026473296500920784,
    "adaptation_harm_rate": 0.0,
    "auroc_ood": 0.9683100536616162,
    "certified_accept_rate": 0.0,
    "coverage": 0.02647329650092081,
    "fpr95": 0.20572916666666666,
    "open_semantic_outage": 0.8762626262626263,
    "open_semantic_risk": 1.2312685845671891,
    "open_set_f1": 0.7084148727984345,
    "prediction_set_size": 1.0,
    "risk_latency_product": 4.885959452294937,
    "risk_per_joule": 9.327792307327191e-05,
    "semantic_goodput": 0.001853953840332955,
    "semantic_outage": 0.9735267034990792
  },
  "name": "full-open_dinov3_vitb16_ablate_no_conformal_seed0_605215",
  "regime": "full-open",
  "samples": 20000,
  "seed": 0,
  "users": 4
}
{
  "calibration_samples": 384,
  "dataset_manifest": "/scratch/nickyun/new_study/opensemcom/manifests/opensemcom_real_facebook__dinov3-vitb16-pretrain-lvd1689m.csv",
  "decisions": {
    "accept": 144,
    "fallback": 130,
    "refine": 110
  },
  "evaluated_samples": 384,
  "manifest_summary": {
    "indexed_rows": 0,
    "regimes": {
      "channel-open": 384,
      "class-open": 3264,
      "closed-id": 768,
      "full-open": 4344,
      "resource-open": 384,
      "source-open": 1204,
      "task-open": 1044
    },
    "rows": 11392,
    "splits": {
      "calibration": 384,
      "eval": 11008
    }
  },
  "metrics": {
    "accuracy": 0.9322916666666666,
    "adaptation_harm_rate": 0.13043478260869565,
    "auroc_ood": 0.5,
    "certified_accept_rate": 0.0,
    "coverage": 0.6614583333333334,
    "fpr95": 1.0,
    "open_semantic_outage": 0.0,
    "open_semantic_risk": 0.4865393808336056,
    "open_set_f1": 0.0,
    "prediction_set_size": 0.6614583333333334,
    "risk_latency_product": 1.0468198865747982,
    "risk_per_joule": 0.0007453115515220659,
    "semantic_goodput": 0.1415929203539823,
    "semantic_outage": 0.06770833333333333
  },
  "name": "closed-id_dinov3_vitb16_ablate_no_harq_seed0_605215",
  "regime": "closed-id",
  "samples": 20000,
  "seed": 0,
  "users": 4
}
{
  "calibration_samples": 384,
  "dataset_manifest": "/scratch/nickyun/new_study/opensemcom/manifests/opensemcom_real_facebook__dinov3-vitb16-pretrain-lvd1689m.csv",
  "decisions": {
    "accept": 32,
    "fallback": 41,
    "refine": 311
  },
  "evaluated_samples": 384,
  "manifest_summary": {
    "indexed_rows": 0,
    "regimes": {
      "channel-open": 384,
      "class-open": 3264,
      "closed-id": 768,
      "full-open": 4344,
      "resource-open": 384,
      "source-open": 1204,
      "task-open": 1044
    },
    "rows": 11392,
    "splits": {
      "calibration": 384,
      "eval": 11008
    }
  },
  "metrics": {
    "accuracy": 0.9270833333333334,
    "adaptation_harm_rate": 0.13043478260869565,
    "auroc_ood": 0.5,
    "certified_accept_rate": 0.0,
    "coverage": 0.8645833333333334,
    "fpr95": 1.0,
    "open_semantic_outage": 0.0,
    "open_semantic_risk": 0.24725345619938768,
    "open_set_f1": 0.0,
    "prediction_set_size": 0.8932291666666666,
    "risk_latency_product": 0.7823253887558751,
    "risk_per_joule": 0.0002146297362841907,
    "semantic_goodput": 0.023862788963460103,
    "semantic_outage": 0.07291666666666667
  },
  "name": "channel-open_dinov3_vitb16_ablate_no_harq_seed0_605215",
  "regime": "channel-open",
  "samples": 20000,
  "seed": 0,
  "users": 4
}
{
  "calibration_samples": 384,
  "dataset_manifest": "/scratch/nickyun/new_study/opensemcom/manifests/opensemcom_real_facebook__dinov3-vitb16-pretrain-lvd1689m.csv",
  "decisions": {
    "accept": 144,
    "fallback": 1334,
    "refine": 110
  },
  "evaluated_samples": 1588,
  "manifest_summary": {
    "indexed_rows": 0,
    "regimes": {
      "channel-open": 384,
      "class-open": 3264,
      "closed-id": 768,
      "full-open": 4344,
      "resource-open": 384,
      "source-open": 1204,
      "task-open": 1044
    },
    "rows": 11392,
    "splits": {
      "calibration": 384,
      "eval": 11008
    }
  },
  "metrics": {
    "accuracy": 0.3816120906801007,
    "adaptation_harm_rate": 0.1111111111111111,
    "auroc_ood": 1.0,
    "certified_accept_rate": 0.0,
    "coverage": 0.15994962216624686,
    "fpr95": 0.0,
    "open_semantic_outage": 0.0,
    "open_semantic_risk": 0.7126727750516912,
    "open_set_f1": 0.7947947947947948,
    "prediction_set_size": 0.15994962216624686,
    "risk_latency_product": 1.8837359609584698,
    "risk_per_joule": 0.00026399198957315875,
    "semantic_goodput": 0.04204379562043795,
    "semantic_outage": 0.6183879093198993
  },
  "name": "source-open_dinov3_vitb16_ablate_no_harq_seed0_605215",
  "regime": "source-open",
  "samples": 20000,
  "seed": 0,
  "users": 4
}
{
  "calibration_samples": 384,
  "dataset_manifest": "/scratch/nickyun/new_study/opensemcom/manifests/opensemcom_real_facebook__dinov3-vitb16-pretrain-lvd1689m.csv",
  "decisions": {
    "accept": 144,
    "fallback": 3389,
    "refine": 115
  },
  "evaluated_samples": 3648,
  "manifest_summary": {
    "indexed_rows": 0,
    "regimes": {
      "channel-open": 384,
      "class-open": 3264,
      "closed-id": 768,
      "full-open": 4344,
      "resource-open": 384,
      "source-open": 1204,
      "task-open": 1044
    },
    "rows": 11392,
    "splits": {
      "calibration": 384,
      "eval": 11008
    }
  },
  "metrics": {
    "accuracy": 0.09813596491228072,
    "adaptation_harm_rate": 0.013215859030837005,
    "auroc_ood": 0.9931935827716504,
    "certified_accept_rate": 0.0,
    "coverage": 0.06962719298245613,
    "fpr95": 0.028645833333333332,
    "open_semantic_outage": 0.0,
    "open_semantic_risk": 0.8603856302108596,
    "open_set_f1": 0.7169811320754718,
    "prediction_set_size": 0.07264254385964912,
    "risk_latency_product": 2.349173528276363,
    "risk_per_joule": 0.0001387360729829263,
    "semantic_goodput": 0.019072847682119205,
    "semantic_outage": 0.9018640350877193
  },
  "name": "class-open_dinov3_vitb16_ablate_no_harq_seed0_605215",
  "regime": "class-open",
  "samples": 20000,
  "seed": 0,
  "users": 4
}
{
  "calibration_samples": 384,
  "dataset_manifest": "/scratch/nickyun/new_study/opensemcom/manifests/opensemcom_real_facebook__dinov3-vitb16-pretrain-lvd1689m.csv",
  "decisions": {
    "accept": 144,
    "fallback": 1174,
    "refine": 110
  },
  "evaluated_samples": 1428,
  "manifest_summary": {
    "indexed_rows": 0,
    "regimes": {
      "channel-open": 384,
      "class-open": 3264,
      "closed-id": 768,
      "full-open": 4344,
      "resource-open": 384,
      "source-open": 1204,
      "task-open": 1044
    },
    "rows": 11392,
    "splits": {
      "calibration": 384,
      "eval": 11008
    }
  },
  "metrics": {
    "accuracy": 0.3067226890756303,
    "adaptation_harm_rate": 0.1348314606741573,
    "auroc_ood": 1.0,
    "certified_accept_rate": 0.0,
    "coverage": 0.17787114845938376,
    "fpr95": 0.0,
    "open_semantic_outage": 0.0,
    "open_semantic_risk": 0.6890548562519359,
    "open_set_f1": 0.8122866894197952,
    "prediction_set_size": 0.17857142857142858,
    "risk_latency_product": 1.80920327593212,
    "risk_per_joule": 0.00028384200702419527,
    "semantic_goodput": 0.0463768115942029,
    "semantic_outage": 0.6932773109243697
  },
  "name": "task-open_dinov3_vitb16_ablate_no_harq_seed0_605215",
  "regime": "task-open",
  "samples": 20000,
  "seed": 0,
  "users": 4
}
{
  "calibration_samples": 384,
  "dataset_manifest": "/scratch/nickyun/new_study/opensemcom/manifests/opensemcom_real_facebook__dinov3-vitb16-pretrain-lvd1689m.csv",
  "decisions": {
    "accept": 149,
    "fallback": 99,
    "refine": 136
  },
  "evaluated_samples": 384,
  "manifest_summary": {
    "indexed_rows": 0,
    "regimes": {
      "channel-open": 384,
      "class-open": 3264,
      "closed-id": 768,
      "full-open": 4344,
      "resource-open": 384,
      "source-open": 1204,
      "task-open": 1044
    },
    "rows": 11392,
    "splits": {
      "calibration": 384,
      "eval": 11008
    }
  },
  "metrics": {
    "accuracy": 0.9401041666666666,
    "adaptation_harm_rate": 0.043478260869565216,
    "auroc_ood": 0.5,
    "certified_accept_rate": 0.0,
    "coverage": 0.7395833333333334,
    "fpr95": 1.0,
    "open_semantic_outage": 0.0,
    "open_semantic_risk": 0.3776677325465516,
    "open_set_f1": 0.0,
    "prediction_set_size": 0.7421875,
    "risk_latency_product": 0.7801199100414664,
    "risk_per_joule": 0.0005785351295137115,
    "semantic_goodput": 0.1419047619047619,
    "semantic_outage": 0.059895833333333336
  },
  "name": "resource-open_dinov3_vitb16_ablate_no_harq_seed0_605215",
  "regime": "resource-open",
  "samples": 20000,
  "seed": 0,
  "users": 4
}
{
  "calibration_samples": 384,
  "dataset_manifest": "/scratch/nickyun/new_study/opensemcom/manifests/opensemcom_real_facebook__dinov3-vitb16-pretrain-lvd1689m.csv",
  "decisions": {
    "accept": 1,
    "fallback": 3718,
    "refine": 625
  },
  "evaluated_samples": 4344,
  "manifest_summary": {
    "indexed_rows": 0,
    "regimes": {
      "channel-open": 384,
      "class-open": 3264,
      "closed-id": 768,
      "full-open": 4344,
      "resource-open": 384,
      "source-open": 1204,
      "task-open": 1044
    },
    "rows": 11392,
    "splits": {
      "calibration": 384,
      "eval": 11008
    }
  },
  "metrics": {
    "accuracy": 0.025552486187845336,
    "adaptation_harm_rate": 0.0,
    "auroc_ood": 0.9676182396885522,
    "certified_accept_rate": 0.0,
    "coverage": 0.12177716390423572,
    "fpr95": 0.2109375,
    "open_semantic_outage": 1.0,
    "open_semantic_risk": 0.8338829230192026,
    "open_set_f1": 0.7084148727984345,
    "prediction_set_size": 5.193139963167588,
    "risk_latency_product": 3.234559680679918,
    "risk_per_joule": 6.398733295113587e-05,
    "semantic_goodput": 0.0,
    "semantic_outage": 0.9744475138121547
  },
  "name": "full-open_dinov3_vitb16_ablate_no_harq_seed0_605215",
  "regime": "full-open",
  "samples": 20000,
  "seed": 0,
  "users": 4
}
{
  "calibration_samples": 384,
  "dataset_manifest": "/scratch/nickyun/new_study/opensemcom/manifests/opensemcom_real_facebook__dinov3-vitb16-pretrain-lvd1689m.csv",
  "decisions": {
    "accept": 151,
    "fallback": 137,
    "refine": 4,
    "semantic-HARQ": 92
  },
  "evaluated_samples": 384,
  "manifest_summary": {
    "indexed_rows": 0,
    "regimes": {
      "channel-open": 384,
      "class-open": 3264,
      "closed-id": 768,
      "full-open": 4344,
      "resource-open": 384,
      "source-open": 1204,
      "task-open": 1044
    },
    "rows": 11392,
    "splits": {
      "calibration": 384,
      "eval": 11008
    }
  },
  "metrics": {
    "accuracy": 0.9348958333333334,
    "adaptation_harm_rate": 0.0,
    "auroc_ood": 0.5,
    "certified_accept_rate": 0.0,
    "coverage": 0.6432291666666666,
    "fpr95": 1.0,
    "open_semantic_outage": 0.0,
    "open_semantic_risk": 0.5132306601324326,
    "open_set_f1": 0.0,
    "prediction_set_size": 0.6432291666666666,
    "risk_latency_product": 1.2552766562405662,
    "risk_per_joule": 0.0007266468358097561,
    "semantic_goodput": 0.1493570722057369,
    "semantic_outage": 0.06510416666666667
  },
  "name": "closed-id_dinov3_vitb16_ablate_no_adaptation_seed0_605215",
  "regime": "closed-id",
  "samples": 20000,
  "seed": 0,
  "users": 4
}
{
  "calibration_samples": 384,
  "dataset_manifest": "/scratch/nickyun/new_study/opensemcom/manifests/opensemcom_real_facebook__dinov3-vitb16-pretrain-lvd1689m.csv",
  "decisions": {
    "accept": 242,
    "fallback": 41,
    "refine": 31,
    "semantic-HARQ": 70
  },
  "evaluated_samples": 384,
  "manifest_summary": {
    "indexed_rows": 0,
    "regimes": {
      "channel-open": 384,
      "class-open": 3264,
      "closed-id": 768,
      "full-open": 4344,
      "resource-open": 384,
      "source-open": 1204,
      "task-open": 1044
    },
    "rows": 11392,
    "splits": {
      "calibration": 384,
      "eval": 11008
    }
  },
  "metrics": {
    "accuracy": 0.9166666666666666,
    "adaptation_harm_rate": 0.0,
    "auroc_ood": 0.5,
    "certified_accept_rate": 0.0,
    "coverage": 0.8723958333333334,
    "fpr95": 1.0,
    "open_semantic_outage": 0.0,
    "open_semantic_risk": 0.27302035582638506,
    "open_set_f1": 0.0,
    "prediction_set_size": 0.8932291666666666,
    "risk_latency_product": 1.079994584636143,
    "risk_per_joule": 0.00021009646466055027,
    "semantic_goodput": 0.07846952010376135,
    "semantic_outage": 0.08333333333333333
  },
  "name": "channel-open_dinov3_vitb16_ablate_no_adaptation_seed0_605215",
  "regime": "channel-open",
  "samples": 20000,
  "seed": 0,
  "users": 4
}
{
  "calibration_samples": 384,
  "dataset_manifest": "/scratch/nickyun/new_study/opensemcom/manifests/opensemcom_real_facebook__dinov3-vitb16-pretrain-lvd1689m.csv",
  "decisions": {
    "accept": 151,
    "fallback": 1341,
    "refine": 4,
    "semantic-HARQ": 92
  },
  "evaluated_samples": 1588,
  "manifest_summary": {
    "indexed_rows": 0,
    "regimes": {
      "channel-open": 384,
      "class-open": 3264,
      "closed-id": 768,
      "full-open": 4344,
      "resource-open": 384,
      "source-open": 1204,
      "task-open": 1044
    },
    "rows": 11392,
    "splits": {
      "calibration": 384,
      "eval": 11008
    }
  },
  "metrics": {
    "accuracy": 0.38224181360201515,
    "adaptation_harm_rate": 0.0,
    "auroc_ood": 1.0,
    "certified_accept_rate": 0.0,
    "coverage": 0.15554156171284636,
    "fpr95": 0.0,
    "open_semantic_outage": 0.0,
    "open_semantic_risk": 0.7219168940988178,
    "open_set_f1": 0.7947947947947948,
    "prediction_set_size": 0.15554156171284636,
    "risk_latency_product": 1.959540667710096,
    "risk_per_joule": 0.0002622196411677118,
    "semantic_goodput": 0.0441649605147704,
    "semantic_outage": 0.6177581863979849
  },
  "name": "source-open_dinov3_vitb16_ablate_no_adaptation_seed0_605215",
  "regime": "source-open",
  "samples": 20000,
  "seed": 0,
  "users": 4
}
{
  "calibration_samples": 384,
  "dataset_manifest": "/scratch/nickyun/new_study/opensemcom/manifests/opensemcom_real_facebook__dinov3-vitb16-pretrain-lvd1689m.csv",
  "decisions": {
    "accept": 151,
    "fallback": 3401,
    "refine": 4,
    "semantic-HARQ": 92
  },
  "evaluated_samples": 3648,
  "manifest_summary": {
    "indexed_rows": 0,
    "regimes": {
      "channel-open": 384,
      "class-open": 3264,
      "closed-id": 768,
      "full-open": 4344,
      "resource-open": 384,
      "source-open": 1204,
      "task-open": 1044
    },
    "rows": 11392,
    "splits": {
      "calibration": 384,
      "eval": 11008
    }
  },
  "metrics": {
    "accuracy": 0.09841008771929827,
    "adaptation_harm_rate": 0.0,
    "auroc_ood": 0.9935661764705882,
    "certified_accept_rate": 0.0,
    "coverage": 0.06770833333333333,
    "fpr95": 0.026041666666666668,
    "open_semantic_outage": 0.0,
    "open_semantic_risk": 0.8675711682041798,
    "open_set_f1": 0.7169811320754718,
    "prediction_set_size": 0.0693530701754386,
    "risk_latency_product": 2.3975690721308984,
    "risk_per_joule": 0.0001386649567183833,
    "semantic_goodput": 0.020029181589070168,
    "semantic_outage": 0.9015899122807017
  },
  "name": "class-open_dinov3_vitb16_ablate_no_adaptation_seed0_605215",
  "regime": "class-open",
  "samples": 20000,
  "seed": 0,
  "users": 4
}
{
  "calibration_samples": 384,
  "dataset_manifest": "/scratch/nickyun/new_study/opensemcom/manifests/opensemcom_real_facebook__dinov3-vitb16-pretrain-lvd1689m.csv",
  "decisions": {
    "accept": 151,
    "fallback": 1181,
    "refine": 4,
    "semantic-HARQ": 92
  },
  "evaluated_samples": 1428,
  "manifest_summary": {
    "indexed_rows": 0,
    "regimes": {
      "channel-open": 384,
      "class-open": 3264,
      "closed-id": 768,
      "full-open": 4344,
      "resource-open": 384,
      "source-open": 1204,
      "task-open": 1044
    },
    "rows": 11392,
    "splits": {
      "calibration": 384,
      "eval": 11008
    }
  },
  "metrics": {
    "accuracy": 0.3046218487394958,
    "adaptation_harm_rate": 0.0,
    "auroc_ood": 1.0,
    "certified_accept_rate": 0.0,
    "coverage": 0.17296918767507002,
    "fpr95": 0.0,
    "open_semantic_outage": 0.0,
    "open_semantic_risk": 0.7002148733737205,
    "open_set_f1": 0.8122866894197952,
    "prediction_set_size": 0.17366946778711484,
    "risk_latency_product": 1.893914514648966,
    "risk_per_joule": 0.0002822195289886432,
    "semantic_goodput": 0.04872539528880284,
    "semantic_outage": 0.6953781512605042
  },
  "name": "task-open_dinov3_vitb16_ablate_no_adaptation_seed0_605215",
  "regime": "task-open",
  "samples": 20000,
  "seed": 0,
  "users": 4
}
{
  "calibration_samples": 384,
  "dataset_manifest": "/scratch/nickyun/new_study/opensemcom/manifests/opensemcom_real_facebook__dinov3-vitb16-pretrain-lvd1689m.csv",
  "decisions": {
    "accept": 157,
    "fallback": 118,
    "refine": 6,
    "semantic-HARQ": 103
  },
  "evaluated_samples": 384,
  "manifest_summary": {
    "indexed_rows": 0,
    "regimes": {
      "channel-open": 384,
      "class-open": 3264,
      "closed-id": 768,
      "full-open": 4344,
      "resource-open": 384,
      "source-open": 1204,
      "task-open": 1044
    },
    "rows": 11392,
    "splits": {
      "calibration": 384,
      "eval": 11008
    }
  },
  "metrics": {
    "accuracy": 0.9244791666666666,
    "adaptation_harm_rate": 0.0,
    "auroc_ood": 0.5,
    "certified_accept_rate": 0.0,
    "coverage": 0.6927083333333334,
    "fpr95": 1.0,
    "open_semantic_outage": 0.0,
    "open_semantic_risk": 0.45320283759258,
    "open_set_f1": 0.0,
    "prediction_set_size": 0.6927083333333334,
    "risk_latency_product": 1.1214409798970482,
    "risk_per_joule": 0.0006291862246183232,
    "semantic_goodput": 0.15272373540856032,
    "semantic_outage": 0.07552083333333333
  },
  "name": "resource-open_dinov3_vitb16_ablate_no_adaptation_seed0_605215",
  "regime": "resource-open",
  "samples": 20000,
  "seed": 0,
  "users": 4
}
{
  "calibration_samples": 384,
  "dataset_manifest": "/scratch/nickyun/new_study/opensemcom/manifests/opensemcom_real_facebook__dinov3-vitb16-pretrain-lvd1689m.csv",
  "decisions": {
    "accept": 4,
    "fallback": 3729,
    "refine": 159,
    "semantic-HARQ": 452
  },
  "evaluated_samples": 4344,
  "manifest_summary": {
    "indexed_rows": 0,
    "regimes": {
      "channel-open": 384,
      "class-open": 3264,
      "closed-id": 768,
      "full-open": 4344,
      "resource-open": 384,
      "source-open": 1204,
      "task-open": 1044
    },
    "rows": 11392,
    "splits": {
      "calibration": 384,
      "eval": 11008
    }
  },
  "metrics": {
    "accuracy": 0.024401473296500886,
    "adaptation_harm_rate": 0.0,
    "auroc_ood": 0.9693385679713805,
    "certified_accept_rate": 0.0,
    "coverage": 0.11671270718232044,
    "fpr95": 0.2604166666666667,
    "open_semantic_outage": 0.75,
    "open_semantic_risk": 0.8503939168976453,
    "open_set_f1": 0.7084148727984345,
    "prediction_set_size": 5.134438305709024,
    "risk_latency_product": 3.4143002542844916,
    "risk_per_joule": 6.398028190179026e-05,
    "semantic_goodput": 3.646175162254795e-05,
    "semantic_outage": 0.9755985267034991
  },
  "name": "full-open_dinov3_vitb16_ablate_no_adaptation_seed0_605215",
  "regime": "full-open",
  "samples": 20000,
  "seed": 0,
  "users": 4
}
{
  "calibration_samples": 384,
  "dataset_manifest": "/scratch/nickyun/new_study/opensemcom/manifests/opensemcom_real_facebook__dinov3-vitb16-pretrain-lvd1689m.csv",
  "decisions": {
    "accept": 35,
    "fallback": 319,
    "refine": 10,
    "semantic-HARQ": 20
  },
  "evaluated_samples": 384,
  "manifest_summary": {
    "indexed_rows": 0,
    "regimes": {
      "channel-open": 384,
      "class-open": 3264,
      "closed-id": 768,
      "full-open": 4344,
      "resource-open": 384,
      "source-open": 1204,
      "task-open": 1044
    },
    "rows": 11392,
    "splits": {
      "calibration": 384,
      "eval": 11008
    }
  },
  "metrics": {
    "accuracy": 0.9088541666666666,
    "adaptation_harm_rate": 0.13043478260869565,
    "auroc_ood": 0.5,
    "certified_accept_rate": 0.0,
    "coverage": 0.16927083333333334,
    "fpr95": 1.0,
    "open_semantic_outage": 0.0,
    "open_semantic_risk": 0.8970173486543856,
    "open_set_f1": 0.0,
    "prediction_set_size": 0.16927083333333334,
    "risk_latency_product": 1.7987066626663464,
    "risk_per_joule": 0.0021745875118894197,
    "semantic_goodput": 0.0425273390036452,
    "semantic_outage": 0.09114583333333333
  },
  "name": "closed-id_dinov3_vitb16_ablate_fixed_scheduler_seed0_605215",
  "regime": "closed-id",
  "samples": 20000,
  "seed": 0,
  "users": 4
}
{
  "calibration_samples": 384,
  "dataset_manifest": "/scratch/nickyun/new_study/opensemcom/manifests/opensemcom_real_facebook__dinov3-vitb16-pretrain-lvd1689m.csv",
  "decisions": {
    "accept": 149,
    "fallback": 58,
    "refine": 59,
    "semantic-HARQ": 118
  },
  "evaluated_samples": 384,
  "manifest_summary": {
    "indexed_rows": 0,
    "regimes": {
      "channel-open": 384,
      "class-open": 3264,
      "closed-id": 768,
      "full-open": 4344,
      "resource-open": 384,
      "source-open": 1204,
      "task-open": 1044
    },
    "rows": 11392,
    "splits": {
      "calibration": 384,
      "eval": 11008
    }
  },
  "metrics": {
    "accuracy": 0.9010416666666666,
    "adaptation_harm_rate": 0.13043478260869565,
    "auroc_ood": 0.5,
    "certified_accept_rate": 0.0,
    "coverage": 0.8307291666666666,
    "fpr95": 1.0,
    "open_semantic_outage": 0.0,
    "open_semantic_risk": 0.24271701331352288,
    "open_set_f1": 0.0,
    "prediction_set_size": 0.8515625,
    "risk_latency_product": 0.4879623288490616,
    "risk_per_joule": 0.00046766283875437936,
    "semantic_goodput": 0.1502016129032258,
    "semantic_outage": 0.09895833333333333
  },
  "name": "channel-open_dinov3_vitb16_ablate_fixed_scheduler_seed0_605215",
  "regime": "channel-open",
  "samples": 20000,
  "seed": 0,
  "users": 4
}
{
  "calibration_samples": 384,
  "dataset_manifest": "/scratch/nickyun/new_study/opensemcom/manifests/opensemcom_real_facebook__dinov3-vitb16-pretrain-lvd1689m.csv",
  "decisions": {
    "accept": 35,
    "fallback": 1523,
    "refine": 10,
    "semantic-HARQ": 20
  },
  "evaluated_samples": 1588,
  "manifest_summary": {
    "indexed_rows": 0,
    "regimes": {
      "channel-open": 384,
      "class-open": 3264,
      "closed-id": 768,
      "full-open": 4344,
      "resource-open": 384,
      "source-open": 1204,
      "task-open": 1044
    },
    "rows": 11392,
    "splits": {
      "calibration": 384,
      "eval": 11008
    }
  },
  "metrics": {
    "accuracy": 0.37531486146095716,
    "adaptation_harm_rate": 0.1111111111111111,
    "auroc_ood": 1.0,
    "certified_accept_rate": 0.0,
    "coverage": 0.04093198992443325,
    "fpr95": 0.0,
    "open_semantic_outage": 0.0,
    "open_semantic_risk": 0.9356584199745704,
    "open_set_f1": 0.7947947947947948,
    "prediction_set_size": 0.04093198992443325,
    "risk_latency_product": 1.872495251057421,
    "risk_per_joule": 0.000578817457454111,
    "semantic_goodput": 0.010832559579077685,
    "semantic_outage": 0.6246851385390428
  },
  "name": "source-open_dinov3_vitb16_ablate_fixed_scheduler_seed0_605215",
  "regime": "source-open",
  "samples": 20000,
  "seed": 0,
  "users": 4
}
{
  "calibration_samples": 384,
  "dataset_manifest": "/scratch/nickyun/new_study/opensemcom/manifests/opensemcom_real_facebook__dinov3-vitb16-pretrain-lvd1689m.csv",
  "decisions": {
    "accept": 35,
    "fallback": 3583,
    "refine": 10,
    "semantic-HARQ": 20
  },
  "evaluated_samples": 3648,
  "manifest_summary": {
    "indexed_rows": 0,
    "regimes": {
      "channel-open": 384,
      "class-open": 3264,
      "closed-id": 768,
      "full-open": 4344,
      "resource-open": 384,
      "source-open": 1204,
      "task-open": 1044
    },
    "rows": 11392,
    "splits": {
      "calibration": 384,
      "eval": 11008
    }
  },
  "metrics": {
    "accuracy": 0.09566885964912286,
    "adaptation_harm_rate": 0.013215859030837005,
    "auroc_ood": 0.9898282718035131,
    "certified_accept_rate": 0.0,
    "coverage": 0.01781798245614035,
    "fpr95": 0.036458333333333336,
    "open_semantic_outage": 0.0,
    "open_semantic_risk": 0.9669617283640982,
    "open_set_f1": 0.7169811320754718,
    "prediction_set_size": 0.019462719298245616,
    "risk_latency_product": 1.934453589254712,
    "risk_per_joule": 0.00026301148602314654,
    "semantic_goodput": 0.004761256971840566,
    "semantic_outage": 0.9043311403508771
  },
  "name": "class-open_dinov3_vitb16_ablate_fixed_scheduler_seed0_605215",
  "regime": "class-open",
  "samples": 20000,
  "seed": 0,
  "users": 4
}
{
  "calibration_samples": 384,
  "dataset_manifest": "/scratch/nickyun/new_study/opensemcom/manifests/opensemcom_real_facebook__dinov3-vitb16-pretrain-lvd1689m.csv",
  "decisions": {
    "accept": 35,
    "fallback": 1363,
    "refine": 10,
    "semantic-HARQ": 20
  },
  "evaluated_samples": 1428,
  "manifest_summary": {
    "indexed_rows": 0,
    "regimes": {
      "channel-open": 384,
      "class-open": 3264,
      "closed-id": 768,
      "full-open": 4344,
      "resource-open": 384,
      "source-open": 1204,
      "task-open": 1044
    },
    "rows": 11392,
    "splits": {
      "calibration": 384,
      "eval": 11008
    }
  },
  "metrics": {
    "accuracy": 0.2990196078431373,
    "adaptation_harm_rate": 0.1348314606741573,
    "auroc_ood": 1.0,
    "certified_accept_rate": 0.0,
    "coverage": 0.04551820728291316,
    "fpr95": 0.0,
    "open_semantic_outage": 0.0,
    "open_semantic_risk": 0.9296402736332188,
    "open_set_f1": 0.8122866894197952,
    "prediction_set_size": 0.0469187675070028,
    "risk_latency_product": 1.8605825644564,
    "risk_per_joule": 0.0006382700127931471,
    "semantic_goodput": 0.01202335967021642,
    "semantic_outage": 0.7009803921568627
  },
  "name": "task-open_dinov3_vitb16_ablate_fixed_scheduler_seed0_605215",
  "regime": "task-open",
  "samples": 20000,
  "seed": 0,
  "users": 4
}
{
  "calibration_samples": 384,
  "dataset_manifest": "/scratch/nickyun/new_study/opensemcom/manifests/opensemcom_real_facebook__dinov3-vitb16-pretrain-lvd1689m.csv",
  "decisions": {
    "accept": 59,
    "fallback": 278,
    "refine": 15,
    "semantic-HARQ": 32
  },
  "evaluated_samples": 384,
  "manifest_summary": {
    "indexed_rows": 0,
    "regimes": {
      "channel-open": 384,
      "class-open": 3264,
      "closed-id": 768,
      "full-open": 4344,
      "resource-open": 384,
      "source-open": 1204,
      "task-open": 1044
    },
    "rows": 11392,
    "splits": {
      "calibration": 384,
      "eval": 11008
    }
  },
  "metrics": {
    "accuracy": 0.9166666666666666,
    "adaptation_harm_rate": 0.043478260869565216,
    "auroc_ood": 0.5,
    "certified_accept_rate": 0.0,
    "coverage": 0.2760416666666667,
    "fpr95": 1.0,
    "open_semantic_outage": 0.0,
    "open_semantic_risk": 0.7760862398841958,
    "open_set_f1": 0.0,
    "prediction_set_size": 0.2760416666666667,
    "risk_latency_product": 1.560256711433852,
    "risk_per_joule": 0.0017985776127096079,
    "semantic_goodput": 0.06868451688009314,
    "semantic_outage": 0.08333333333333333
  },
  "name": "resource-open_dinov3_vitb16_ablate_fixed_scheduler_seed0_605215",
  "regime": "resource-open",
  "samples": 20000,
  "seed": 0,
  "users": 4
}
{
  "calibration_samples": 384,
  "dataset_manifest": "/scratch/nickyun/new_study/opensemcom/manifests/opensemcom_real_facebook__dinov3-vitb16-pretrain-lvd1689m.csv",
  "decisions": {
    "accept": 63,
    "fallback": 3706,
    "refine": 53,
    "semantic-HARQ": 522
  },
  "evaluated_samples": 4344,
  "manifest_summary": {
    "indexed_rows": 0,
    "regimes": {
      "channel-open": 384,
      "class-open": 3264,
      "closed-id": 768,
      "full-open": 4344,
      "resource-open": 384,
      "source-open": 1204,
      "task-open": 1044
    },
    "rows": 11392,
    "splits": {
      "calibration": 384,
      "eval": 11008
    }
  },
  "metrics": {
    "accuracy": 0.023020257826887658,
    "adaptation_harm_rate": 0.0,
    "auroc_ood": 0.9705886994949495,
    "certified_accept_rate": 0.0,
    "coverage": 0.07803867403314917,
    "fpr95": 0.1796875,
    "open_semantic_outage": 0.8888888888888888,
    "open_semantic_risk": 0.8795461914828215,
    "open_set_f1": 0.7084148727984345,
    "prediction_set_size": 3.544659300184162,
    "risk_latency_product": 1.7601047519705728,
    "risk_per_joule": 0.00018965955611489413,
    "semantic_goodput": 0.0007569204152249135,
    "semantic_outage": 0.9769797421731123
  },
  "name": "full-open_dinov3_vitb16_ablate_fixed_scheduler_seed0_605215",
  "regime": "full-open",
  "samples": 20000,
  "seed": 0,
  "users": 4
}
{
  "rows": 42,
  "csv": "/scratch/nickyun/new_study/opensemcom/runs/dinov3_vitb16_ablate_ablation_results_605215.csv",
  "json": "/scratch/nickyun/new_study/opensemcom/runs/dinov3_vitb16_ablate_ablation_results_605215.json"
}

scontrol show job 605215
JobId=605215 JobName=osc-ablate-full
   UserId=nickyun(3149997) GroupId=nickyun(3149997) MCS_label=N/A
   Priority=10472896 Nice=0 Account=def-pingw QOS=normal
   JobState=COMPLETING Reason=None Dependency=(null)
   Requeue=0 Restarts=0 BatchFlag=1 Reboot=0 ExitCode=0:0
   RunTime=00:07:21 TimeLimit=01:00:00 TimeMin=N/A
   SubmitTime=2026-06-17T19:55:56 EligibleTime=2026-06-17T19:55:56
   AccrueTime=2026-06-17T19:55:56
   StartTime=2026-06-17T19:55:57 EndTime=2026-06-17T20:03:18 Deadline=N/A
   SuspendTime=None SecsPreSuspend=0 LastSchedEval=2026-06-17T19:55:57 Scheduler=Main
   Partition=debug AllocNode:Sid=trig-login01:2776401
   ReqNodeList=(null) ExcNodeList=(null)
   NodeList=trig0001
   BatchHost=trig0001
   NumNodes=1 NumCPUs=4 NumTasks=1 CPUs/Task=4 ReqB:S:C:T=0:0:*:*
   ReqTRES=cpu=4,mem=192500M,node=1,billing=1,gres/gpu=1
   AllocTRES=cpu=4,mem=192500M,node=1,billing=1,gres/gpu=1
   Socks/Node=* NtasksPerN:B:S:C=0:0:*:* CoreSpec=*
   MinCPUsNode=4 MinMemoryNode=192500M MinTmpDiskNode=0
   Features=(null) DelayBoot=00:00:00
   OverSubscribe=OK Contiguous=0 Licenses=(null) LicensesAlloc=(null) Network=(null)
   Command=/scratch/nickyun/new_study/opensemcom/slurm/eval_opensemcom_ablation_full.slurm
   SubmitLine=SBATCH --comment /opt/slurm/bin/sbatch --export=NONE --get-user-env --partition=debug --time=01:00:00 --export=ALL,OPENSEMCOM_FEATURE_MANIFEST=/scratch/nickyun/new_study/opensemcom/manifests/opensemcom_real_facebook__dinov3-vitb16-pretrain-lvd1689m.csv,OPENSEMCOM_RUN_TAG=dinov3_vitb16_ablate,OPENSEMCOM_FULL_SEEDS=0,OPENSEMCOM_FULL_CALIBRATION_SAMPLES=384 slurm/eval_opensemcom_ablation_full.slurm --export=NONE --get-user-env --partition=debug --time=01:00:00 --export=ALL,OPENSEMCOM_FEATURE_MANIFEST=/scratch/nickyun/new_study/opensemcom/manifests/opensemcom_real_facebook__dinov3-vitb16-pretrain-lvd1689m.csv,OPENSEMCOM_RUN_TAG=dinov3_vitb16_ablate,OPENSEMCOM_FULL_SEEDS=0,OPENSEMCOM_FULL_CALIBRATION_SAMPLES=384 slurm/eval_opensemcom_ablation_full.slurm
   WorkDir=/scratch/nickyun/new_study/opensemcom
   Comment=/opt/slurm/bin/sbatch --export=NONE --get-user-env --partition=debug --time=01:00:00 --export=ALL,OPENSEMCOM_FEATURE_MANIFEST=/scratch/nickyun/new_study/opensemcom/manifests/opensemcom_real_facebook__dinov3-vitb16-pretrain-lvd1689m.csv,OPENSEMCOM_RUN_TAG=dinov3_vitb16_ablate,OPENSEMCOM_FULL_SEEDS=0,OPENSEMCOM_FULL_CALIBRATION_SAMPLES=384 slurm/eval_opensemcom_ablation_full.slurm
   StdErr=/home/nickyun/links/scratch/new_study/opensemcom/logs/osc-ablate-full-605215.err
   StdIn=/dev/null
   StdOut=/home/nickyun/links/scratch/new_study/opensemcom/logs/osc-ablate-full-605215.out
   TresPerNode=gres/gpu:1
   TresPerTask=cpu=4

sacct -j 605215
JobID           JobName    Account    Elapsed  MaxVMSize     MaxRSS  SystemCPU    UserCPU ExitCode 
------------ ---------- ---------- ---------- ---------- ---------- ---------- ---------- -------- 
605215       osc-ablat+  def-pingw   00:07:21                         00:00:00   00:00:00      0:0 
605215.batch      batch  def-pingw   00:07:21                         00:00:00   00:00:00      0:0 
605215.exte+     extern  def-pingw   00:07:21                         00:00:00   00:00:00      0:0 

