initializing model=facebook/dinov2-small device=cpu
loading processor from local cache
loading model from local cache
initialized model=facebook/dinov2-small resolved_device=cpu
processed=32 written=32 skipped=0
processed=64 written=64 skipped=0
processed=96 written=96 skipped=0
processed=128 written=128 skipped=0
processed=160 written=160 skipped=0
processed=192 written=192 skipped=0
processed=224 written=224 skipped=0
processed=256 written=256 skipped=0
processed=288 written=288 skipped=0
processed=320 written=320 skipped=0
processed=352 written=352 skipped=0
processed=384 written=384 skipped=0
processed=416 written=416 skipped=0
processed=448 written=448 skipped=0
processed=480 written=480 skipped=0
processed=512 written=512 skipped=0
processed=544 written=544 skipped=0
processed=576 written=576 skipped=0
processed=608 written=608 skipped=0
processed=640 written=640 skipped=0
processed=672 written=672 skipped=0
processed=704 written=704 skipped=0
processed=736 written=736 skipped=0
processed=768 written=768 skipped=0
processed=800 written=800 skipped=0
processed=832 written=832 skipped=0
processed=864 written=864 skipped=0
processed=896 written=896 skipped=0
processed=928 written=928 skipped=0
processed=960 written=960 skipped=0
processed=992 written=992 skipped=0
processed=1024 written=1024 skipped=0
processed=1056 written=1056 skipped=0
processed=1088 written=1088 skipped=0
processed=1120 written=1120 skipped=0
processed=1152 written=1152 skipped=0
processed=1184 written=1184 skipped=0
processed=1216 written=1216 skipped=0
processed=1248 written=1248 skipped=0
processed=1280 written=1280 skipped=0
processed=1312 written=1312 skipped=0
processed=1344 written=1344 skipped=0
processed=1376 written=1376 skipped=0
processed=1408 written=1408 skipped=0
processed=1440 written=1440 skipped=0
processed=1472 written=1472 skipped=0
processed=1504 written=1504 skipped=0
processed=1536 written=1536 skipped=0
processed=1568 written=1568 skipped=0
processed=1600 written=1600 skipped=0
processed=1632 written=1632 skipped=0
processed=1664 written=1664 skipped=0
processed=1696 written=1696 skipped=0
processed=1728 written=1728 skipped=0
processed=1760 written=1760 skipped=0
processed=1792 written=1792 skipped=0
processed=1824 written=1824 skipped=0
processed=1856 written=1856 skipped=0
processed=1888 written=1888 skipped=0
processed=1920 written=1920 skipped=0
processed=1952 written=1952 skipped=0
processed=1984 written=1984 skipped=0
processed=2016 written=2016 skipped=0
processed=2048 written=2048 skipped=0
processed=2080 written=2080 skipped=0
processed=2112 written=2112 skipped=0
processed=2144 written=2144 skipped=0
processed=2176 written=2176 skipped=0
processed=2208 written=2208 skipped=0
processed=2240 written=2240 skipped=0
processed=2272 written=2272 skipped=0
processed=2304 written=2304 skipped=0
processed=2336 written=2336 skipped=0
processed=2368 written=2368 skipped=0
processed=2400 written=2400 skipped=0
processed=2432 written=2432 skipped=0
processed=2464 written=2464 skipped=0
processed=2496 written=2496 skipped=0
processed=2528 written=2528 skipped=0
processed=2560 written=2560 skipped=0
processed=2592 written=2592 skipped=0
processed=2624 written=2624 skipped=0
processed=2656 written=2656 skipped=0
processed=2688 written=2688 skipped=0
processed=2720 written=2720 skipped=0
processed=2752 written=2752 skipped=0
processed=2784 written=2784 skipped=0
processed=2816 written=2816 skipped=0
processed=2848 written=2848 skipped=0
processed=2880 written=2880 skipped=0
processed=2912 written=2912 skipped=0
processed=2944 written=2944 skipped=0
processed=2976 written=2976 skipped=0
processed=3008 written=3008 skipped=0
processed=3040 written=3040 skipped=0
processed=3072 written=3072 skipped=0
processed=3104 written=3104 skipped=0
processed=3136 written=3136 skipped=0
processed=3168 written=3168 skipped=0
processed=3200 written=3200 skipped=0
processed=3232 written=3232 skipped=0
processed=3264 written=3264 skipped=0
processed=3296 written=3296 skipped=0
processed=3328 written=3328 skipped=0
processed=3360 written=3360 skipped=0
processed=3392 written=3392 skipped=0
processed=3424 written=3424 skipped=0
processed=3456 written=3456 skipped=0
processed=3488 written=3488 skipped=0
processed=3520 written=3520 skipped=0
processed=3552 written=3552 skipped=0
processed=3584 written=3584 skipped=0
processed=3616 written=3616 skipped=0
processed=3648 written=3648 skipped=0
processed=3680 written=3680 skipped=0
processed=3712 written=3712 skipped=0
processed=3744 written=3744 skipped=0
processed=3776 written=3776 skipped=0
processed=3808 written=3808 skipped=0
processed=3840 written=3840 skipped=0
processed=3872 written=3872 skipped=0
processed=3904 written=3904 skipped=0
processed=3936 written=3936 skipped=0
processed=3968 written=3968 skipped=0
processed=4000 written=4000 skipped=0
processed=4032 written=4032 skipped=0
processed=4064 written=4064 skipped=0
processed=4096 written=4096 skipped=0
processed=4128 written=4128 skipped=0
processed=4160 written=4160 skipped=0
processed=4192 written=4192 skipped=0
processed=4224 written=4224 skipped=0
processed=4256 written=4256 skipped=0
processed=4288 written=4288 skipped=0
processed=4320 written=4320 skipped=0
processed=4352 written=4352 skipped=0
processed=4384 written=4384 skipped=0
processed=4416 written=4416 skipped=0
processed=4448 written=4448 skipped=0
processed=4480 written=4480 skipped=0
processed=4512 written=4512 skipped=0
processed=4544 written=4544 skipped=0
processed=4576 written=4576 skipped=0
processed=4608 written=4608 skipped=0
processed=4640 written=4640 skipped=0
processed=4672 written=4672 skipped=0
processed=4704 written=4704 skipped=0
processed=4736 written=4736 skipped=0
processed=4768 written=4768 skipped=0
processed=4800 written=4800 skipped=0
processed=4832 written=4832 skipped=0
processed=4864 written=4864 skipped=0
processed=4896 written=4896 skipped=0
processed=4928 written=4928 skipped=0
processed=4960 written=4960 skipped=0
processed=4992 written=4992 skipped=0
processed=5024 written=5024 skipped=0
processed=5056 written=5056 skipped=0
processed=5088 written=5088 skipped=0
processed=5120 written=5120 skipped=0
processed=5152 written=5152 skipped=0
processed=5184 written=5184 skipped=0
processed=5216 written=5216 skipped=0
processed=5248 written=5248 skipped=0
processed=5280 written=5280 skipped=0
processed=5312 written=5312 skipped=0
processed=5344 written=5344 skipped=0
processed=5376 written=5376 skipped=0
processed=5408 written=5408 skipped=0
processed=5440 written=5440 skipped=0
processed=5472 written=5472 skipped=0

scontrol show job 605013
JobId=605013 JobName=osc-found-feats
   UserId=nickyun(3149997) GroupId=nickyun(3149997) MCS_label=N/A
   Priority=10471230 Nice=0 Account=def-pingw QOS=normal
   JobState=COMPLETING Reason=None Dependency=(null)
   Requeue=0 Restarts=0 BatchFlag=1 Reboot=0 ExitCode=0:15
   RunTime=00:05:37 TimeLimit=01:00:00 TimeMin=N/A
   SubmitTime=2026-06-17T17:58:16 EligibleTime=2026-06-17T17:58:16
   AccrueTime=2026-06-17T17:58:16
   StartTime=2026-06-17T17:58:17 EndTime=2026-06-17T18:03:54 Deadline=N/A
   SuspendTime=None SecsPreSuspend=0 LastSchedEval=2026-06-17T17:58:17 Scheduler=Main
   Partition=debug AllocNode:Sid=trig-login01:1574378
   ReqNodeList=(null) ExcNodeList=(null)
   NodeList=trig0001
   BatchHost=trig0001
   NumNodes=1 NumCPUs=4 NumTasks=1 CPUs/Task=4 ReqB:S:C:T=0:0:*:*
   ReqTRES=cpu=4,mem=192500M,node=1,billing=1,gres/gpu=1
   AllocTRES=cpu=4,mem=192500M,node=1,billing=1,gres/gpu=1
   Socks/Node=* NtasksPerN:B:S:C=0:0:*:* CoreSpec=*
   MinCPUsNode=4 MinMemoryNode=192500M MinTmpDiskNode=0
   Features=(null) DelayBoot=00:00:00
   OverSubscribe=OK Contiguous=0 Licenses=(null) LicensesAlloc=(null) Network=(null)
   Command=/scratch/nickyun/new_study/opensemcom/slurm/extract_foundation_features.slurm
   SubmitLine=SBATCH --comment /opt/slurm/bin/sbatch --export=NONE --get-user-env --partition=debug --time=01:00:00 --export=ALL,OPENSEMCOM_FEATURE_MODEL_ID=facebook/dinov2-small,OPENSEMCOM_FEATURE_BATCH_SIZE=32,OPENSEMCOM_FEATURE_DEVICE=cpu slurm/extract_foundation_features.slurm --export=NONE --get-user-env --partition=debug --time=01:00:00 --export=ALL,OPENSEMCOM_FEATURE_MODEL_ID=facebook/dinov2-small,OPENSEMCOM_FEATURE_BATCH_SIZE=32,OPENSEMCOM_FEATURE_DEVICE=cpu slurm/extract_foundation_features.slurm
   WorkDir=/scratch/nickyun/new_study/opensemcom
   Comment=/opt/slurm/bin/sbatch --export=NONE --get-user-env --partition=debug --time=01:00:00 --export=ALL,OPENSEMCOM_FEATURE_MODEL_ID=facebook/dinov2-small,OPENSEMCOM_FEATURE_BATCH_SIZE=32,OPENSEMCOM_FEATURE_DEVICE=cpu slurm/extract_foundation_features.slurm
   StdErr=/home/nickyun/links/scratch/new_study/opensemcom/logs/osc-found-feats-605013.err
   StdIn=/dev/null
   StdOut=/home/nickyun/links/scratch/new_study/opensemcom/logs/osc-found-feats-605013.out
   TresPerNode=gres/gpu:1
   TresPerTask=cpu=4

sacct -j 605013
JobID           JobName    Account    Elapsed  MaxVMSize     MaxRSS  SystemCPU    UserCPU ExitCode 
------------ ---------- ---------- ---------- ---------- ---------- ---------- ---------- -------- 
605013       osc-found+  def-pingw   00:05:37                        02:12.029  12:55.017      0:0 
605013.batch      batch  def-pingw   00:05:38          0    959304K  02:12.029  12:55.017     0:15 
605013.exte+     extern  def-pingw   00:05:38                         00:00:00   00:00:00      0:0 

