initializing model=google/siglip-base-patch16-224 device=cpu
loading processor from local cache
loading model from local cache
initialized model=google/siglip-base-patch16-224 resolved_device=cpu
processed=16 written=16 skipped=0
processed=32 written=32 skipped=0
processed=48 written=48 skipped=0
processed=64 written=64 skipped=0
processed=80 written=80 skipped=0
processed=96 written=96 skipped=0
processed=112 written=112 skipped=0
processed=128 written=128 skipped=0
processed=144 written=144 skipped=0
processed=160 written=160 skipped=0
processed=176 written=176 skipped=0
processed=192 written=192 skipped=0
processed=208 written=208 skipped=0
processed=224 written=224 skipped=0
processed=240 written=240 skipped=0
processed=256 written=256 skipped=0
processed=272 written=272 skipped=0
processed=288 written=288 skipped=0
processed=304 written=304 skipped=0
processed=320 written=320 skipped=0
processed=336 written=336 skipped=0
processed=352 written=352 skipped=0
processed=368 written=368 skipped=0
processed=384 written=384 skipped=0
processed=400 written=400 skipped=0
processed=416 written=416 skipped=0
processed=432 written=432 skipped=0
processed=448 written=448 skipped=0
processed=464 written=464 skipped=0
processed=480 written=480 skipped=0
processed=496 written=496 skipped=0
processed=512 written=512 skipped=0
processed=528 written=528 skipped=0
processed=544 written=544 skipped=0
processed=560 written=560 skipped=0
processed=576 written=576 skipped=0
processed=592 written=592 skipped=0
processed=608 written=608 skipped=0
processed=624 written=624 skipped=0
processed=640 written=640 skipped=0
processed=656 written=656 skipped=0
processed=672 written=672 skipped=0
processed=688 written=688 skipped=0
processed=704 written=704 skipped=0
processed=720 written=720 skipped=0
processed=736 written=736 skipped=0
processed=752 written=752 skipped=0
processed=768 written=768 skipped=0
processed=784 written=784 skipped=0
processed=800 written=800 skipped=0
processed=816 written=816 skipped=0
processed=832 written=832 skipped=0
processed=848 written=848 skipped=0
processed=864 written=864 skipped=0
processed=880 written=880 skipped=0
processed=896 written=896 skipped=0
processed=912 written=912 skipped=0
processed=928 written=928 skipped=0
processed=944 written=944 skipped=0
processed=960 written=960 skipped=0
processed=976 written=976 skipped=0
processed=992 written=992 skipped=0
processed=1008 written=1008 skipped=0
processed=1024 written=1024 skipped=0
processed=1040 written=1040 skipped=0
processed=1056 written=1056 skipped=0
processed=1072 written=1072 skipped=0
processed=1088 written=1088 skipped=0
processed=1104 written=1104 skipped=0
processed=1120 written=1120 skipped=0
processed=1136 written=1136 skipped=0
processed=1152 written=1152 skipped=0
processed=1168 written=1168 skipped=0
processed=1184 written=1184 skipped=0
processed=1200 written=1200 skipped=0
processed=1216 written=1216 skipped=0
processed=1232 written=1232 skipped=0
processed=1248 written=1248 skipped=0
processed=1264 written=1264 skipped=0
processed=1280 written=1280 skipped=0
processed=1296 written=1296 skipped=0
processed=1312 written=1312 skipped=0
processed=1328 written=1328 skipped=0
processed=1344 written=1344 skipped=0
processed=1360 written=1360 skipped=0
processed=1376 written=1376 skipped=0
processed=1392 written=1392 skipped=0
processed=1408 written=1408 skipped=0
processed=1424 written=1424 skipped=0
processed=1440 written=1440 skipped=0
processed=1456 written=1456 skipped=0
processed=1472 written=1472 skipped=0
processed=1488 written=1488 skipped=0
processed=1504 written=1504 skipped=0
processed=1520 written=1520 skipped=0
processed=1536 written=1536 skipped=0
processed=1552 written=1552 skipped=0
processed=1568 written=1568 skipped=0
processed=1584 written=1584 skipped=0
processed=1600 written=1600 skipped=0
processed=1616 written=1616 skipped=0
processed=1632 written=1632 skipped=0
processed=1648 written=1648 skipped=0
processed=1664 written=1664 skipped=0
processed=1680 written=1680 skipped=0
processed=1696 written=1696 skipped=0
processed=1712 written=1712 skipped=0
processed=1728 written=1728 skipped=0
processed=1744 written=1744 skipped=0
processed=1760 written=1760 skipped=0
processed=1776 written=1776 skipped=0
processed=1792 written=1792 skipped=0
processed=1808 written=1808 skipped=0
processed=1824 written=1824 skipped=0
processed=1840 written=1840 skipped=0
processed=1856 written=1856 skipped=0
processed=1872 written=1872 skipped=0
processed=1888 written=1888 skipped=0
processed=1904 written=1904 skipped=0
processed=1920 written=1920 skipped=0
processed=1936 written=1936 skipped=0
processed=1952 written=1952 skipped=0
processed=1968 written=1968 skipped=0
processed=1984 written=1984 skipped=0
processed=2000 written=2000 skipped=0
processed=2016 written=2016 skipped=0
processed=2032 written=2032 skipped=0
processed=2048 written=2048 skipped=0
processed=2064 written=2064 skipped=0
processed=2080 written=2080 skipped=0
processed=2096 written=2096 skipped=0
processed=2112 written=2112 skipped=0
processed=2128 written=2128 skipped=0
processed=2144 written=2144 skipped=0
processed=2160 written=2160 skipped=0
processed=2176 written=2176 skipped=0
processed=2192 written=2192 skipped=0
processed=2208 written=2208 skipped=0
processed=2224 written=2224 skipped=0
processed=2240 written=2240 skipped=0
processed=2256 written=2256 skipped=0
processed=2272 written=2272 skipped=0
processed=2288 written=2288 skipped=0
processed=2304 written=2304 skipped=0
processed=2320 written=2320 skipped=0
processed=2336 written=2336 skipped=0
processed=2352 written=2352 skipped=0
processed=2368 written=2368 skipped=0
processed=2384 written=2384 skipped=0
processed=2400 written=2400 skipped=0
processed=2416 written=2416 skipped=0
processed=2432 written=2432 skipped=0
processed=2448 written=2448 skipped=0
processed=2464 written=2464 skipped=0
processed=2480 written=2480 skipped=0
processed=2496 written=2496 skipped=0
processed=2512 written=2512 skipped=0
processed=2528 written=2528 skipped=0
processed=2544 written=2544 skipped=0
processed=2560 written=2560 skipped=0
processed=2576 written=2576 skipped=0
processed=2592 written=2592 skipped=0
processed=2608 written=2608 skipped=0
processed=2624 written=2624 skipped=0
processed=2640 written=2640 skipped=0
processed=2656 written=2656 skipped=0
processed=2672 written=2672 skipped=0
processed=2688 written=2688 skipped=0
processed=2704 written=2704 skipped=0
processed=2720 written=2720 skipped=0
processed=2736 written=2736 skipped=0
processed=2752 written=2752 skipped=0
processed=2768 written=2768 skipped=0
processed=2784 written=2784 skipped=0
processed=2800 written=2800 skipped=0
processed=2816 written=2816 skipped=0
processed=2832 written=2832 skipped=0
processed=2848 written=2848 skipped=0
processed=2864 written=2864 skipped=0
processed=2880 written=2880 skipped=0
processed=2896 written=2896 skipped=0
processed=2912 written=2912 skipped=0
processed=2928 written=2928 skipped=0
processed=2944 written=2944 skipped=0
processed=2960 written=2960 skipped=0
processed=2976 written=2976 skipped=0
processed=2992 written=2992 skipped=0
processed=3008 written=3008 skipped=0
processed=3024 written=3024 skipped=0
processed=3040 written=3040 skipped=0
processed=3056 written=3056 skipped=0
processed=3072 written=3072 skipped=0
processed=3088 written=3088 skipped=0
processed=3104 written=3104 skipped=0
processed=3120 written=3120 skipped=0
processed=3136 written=3136 skipped=0
processed=3152 written=3152 skipped=0
processed=3168 written=3168 skipped=0
processed=3184 written=3184 skipped=0
processed=3200 written=3200 skipped=0
processed=3216 written=3216 skipped=0
processed=3232 written=3232 skipped=0
processed=3248 written=3248 skipped=0
processed=3264 written=3264 skipped=0
processed=3280 written=3280 skipped=0
processed=3296 written=3296 skipped=0
processed=3312 written=3312 skipped=0
processed=3328 written=3328 skipped=0
processed=3344 written=3344 skipped=0
processed=3360 written=3360 skipped=0
processed=3376 written=3376 skipped=0
processed=3392 written=3392 skipped=0
processed=3408 written=3408 skipped=0
processed=3424 written=3424 skipped=0
processed=3440 written=3440 skipped=0
processed=3456 written=3456 skipped=0
processed=3472 written=3472 skipped=0
processed=3488 written=3488 skipped=0
processed=3504 written=3504 skipped=0
processed=3520 written=3520 skipped=0
processed=3536 written=3536 skipped=0
processed=3552 written=3552 skipped=0
processed=3568 written=3568 skipped=0
processed=3584 written=3584 skipped=0
processed=3600 written=3600 skipped=0
processed=3616 written=3616 skipped=0
processed=3632 written=3632 skipped=0
processed=3648 written=3648 skipped=0
processed=3664 written=3664 skipped=0
processed=3680 written=3680 skipped=0
processed=3696 written=3696 skipped=0
processed=3712 written=3712 skipped=0
processed=3728 written=3728 skipped=0
processed=3744 written=3744 skipped=0
processed=3760 written=3760 skipped=0
processed=3776 written=3776 skipped=0
processed=3792 written=3792 skipped=0
processed=3808 written=3808 skipped=0
processed=3824 written=3824 skipped=0
processed=3840 written=3840 skipped=0
processed=3856 written=3856 skipped=0
processed=3872 written=3872 skipped=0
processed=3888 written=3888 skipped=0
processed=3904 written=3904 skipped=0
processed=3920 written=3920 skipped=0
processed=3936 written=3936 skipped=0
processed=3952 written=3952 skipped=0
processed=3968 written=3968 skipped=0
processed=3984 written=3984 skipped=0
processed=4000 written=4000 skipped=0
processed=4016 written=4016 skipped=0
processed=4032 written=4032 skipped=0
processed=4048 written=4048 skipped=0
processed=4064 written=4064 skipped=0
processed=4080 written=4080 skipped=0
processed=4096 written=4096 skipped=0
processed=4112 written=4112 skipped=0
processed=4128 written=4128 skipped=0
processed=4144 written=4144 skipped=0
processed=4160 written=4160 skipped=0
processed=4176 written=4176 skipped=0
processed=4192 written=4192 skipped=0
processed=4208 written=4208 skipped=0
processed=4224 written=4224 skipped=0
processed=4240 written=4240 skipped=0
processed=4256 written=4256 skipped=0
processed=4272 written=4272 skipped=0
processed=4288 written=4288 skipped=0
processed=4304 written=4304 skipped=0
processed=4320 written=4320 skipped=0
processed=4336 written=4336 skipped=0
processed=4352 written=4352 skipped=0
processed=4368 written=4368 skipped=0
processed=4384 written=4384 skipped=0
processed=4400 written=4400 skipped=0
processed=4416 written=4416 skipped=0
processed=4432 written=4432 skipped=0
processed=4448 written=4448 skipped=0
processed=4464 written=4464 skipped=0
processed=4480 written=4480 skipped=0
processed=4496 written=4496 skipped=0
processed=4512 written=4512 skipped=0
processed=4528 written=4528 skipped=0
processed=4544 written=4544 skipped=0
processed=4560 written=4560 skipped=0
processed=4576 written=4576 skipped=0
processed=4592 written=4592 skipped=0
processed=4608 written=4608 skipped=0
processed=4624 written=4624 skipped=0
processed=4640 written=4640 skipped=0
processed=4656 written=4656 skipped=0
processed=4672 written=4672 skipped=0
processed=4688 written=4688 skipped=0
processed=4704 written=4704 skipped=0
processed=4720 written=4720 skipped=0
processed=4736 written=4736 skipped=0
processed=4752 written=4752 skipped=0
processed=4768 written=4768 skipped=0
processed=4784 written=4784 skipped=0
processed=4800 written=4800 skipped=0
processed=4816 written=4816 skipped=0
processed=4832 written=4832 skipped=0
processed=4848 written=4848 skipped=0
processed=4864 written=4864 skipped=0
processed=4880 written=4880 skipped=0
processed=4896 written=4896 skipped=0
processed=4912 written=4912 skipped=0
processed=4928 written=4928 skipped=0
processed=4944 written=4944 skipped=0
processed=4960 written=4960 skipped=0
processed=4976 written=4976 skipped=0
processed=4992 written=4992 skipped=0
processed=5008 written=5008 skipped=0
processed=5024 written=5024 skipped=0
processed=5040 written=5040 skipped=0
processed=5056 written=5056 skipped=0
processed=5072 written=5072 skipped=0
processed=5088 written=5088 skipped=0
processed=5104 written=5104 skipped=0
processed=5120 written=5120 skipped=0
processed=5136 written=5136 skipped=0
processed=5152 written=5152 skipped=0
processed=5168 written=5168 skipped=0
processed=5184 written=5184 skipped=0
processed=5200 written=5200 skipped=0
processed=5216 written=5216 skipped=0
processed=5232 written=5232 skipped=0
processed=5248 written=5248 skipped=0
processed=5264 written=5264 skipped=0
processed=5280 written=5280 skipped=0
processed=5296 written=5296 skipped=0
processed=5312 written=5312 skipped=0
processed=5328 written=5328 skipped=0
processed=5344 written=5344 skipped=0
processed=5360 written=5360 skipped=0
processed=5376 written=5376 skipped=0
processed=5392 written=5392 skipped=0
processed=5408 written=5408 skipped=0
processed=5424 written=5424 skipped=0
processed=5440 written=5440 skipped=0
processed=5456 written=5456 skipped=0
processed=5472 written=5472 skipped=0
processed=5488 written=5488 skipped=0
processed=5504 written=5504 skipped=0
processed=5520 written=5520 skipped=0
processed=5536 written=5536 skipped=0
processed=5552 written=5552 skipped=0
processed=5568 written=5568 skipped=0
processed=5584 written=5584 skipped=0
processed=5600 written=5600 skipped=0
processed=5616 written=5616 skipped=0
processed=5632 written=5632 skipped=0
processed=5648 written=5648 skipped=0
processed=5664 written=5664 skipped=0
processed=5680 written=5680 skipped=0
processed=5696 written=5696 skipped=0
processed=5712 written=5712 skipped=0
processed=5728 written=5728 skipped=0
processed=5744 written=5744 skipped=0
processed=5760 written=5760 skipped=0
processed=5776 written=5776 skipped=0
processed=5792 written=5792 skipped=0
processed=5808 written=5808 skipped=0
processed=5824 written=5824 skipped=0
processed=5840 written=5840 skipped=0
processed=5856 written=5856 skipped=0
processed=5872 written=5872 skipped=0
processed=5888 written=5888 skipped=0
processed=5904 written=5904 skipped=0
processed=5920 written=5920 skipped=0
processed=5936 written=5936 skipped=0
processed=5952 written=5952 skipped=0
processed=5968 written=5968 skipped=0
processed=5984 written=5984 skipped=0
processed=6000 written=6000 skipped=0
processed=6016 written=6016 skipped=0
processed=6032 written=6032 skipped=0
processed=6048 written=6048 skipped=0
processed=6064 written=6064 skipped=0
processed=6080 written=6080 skipped=0
processed=6096 written=6096 skipped=0
processed=6112 written=6112 skipped=0
processed=6128 written=6128 skipped=0
processed=6144 written=6144 skipped=0
processed=6160 written=6160 skipped=0
processed=6176 written=6176 skipped=0
processed=6192 written=6192 skipped=0
processed=6208 written=6208 skipped=0
processed=6224 written=6224 skipped=0
processed=6240 written=6240 skipped=0
processed=6256 written=6256 skipped=0
processed=6272 written=6272 skipped=0
processed=6288 written=6288 skipped=0
processed=6304 written=6304 skipped=0
processed=6320 written=6320 skipped=0
processed=6336 written=6336 skipped=0
processed=6352 written=6352 skipped=0
processed=6368 written=6368 skipped=0
processed=6384 written=6384 skipped=0
processed=6400 written=6400 skipped=0
processed=6416 written=6416 skipped=0
processed=6432 written=6432 skipped=0
processed=6448 written=6448 skipped=0
processed=6464 written=6464 skipped=0
processed=6480 written=6480 skipped=0
processed=6496 written=6496 skipped=0
processed=6512 written=6512 skipped=0
processed=6528 written=6528 skipped=0
processed=6544 written=6544 skipped=0
processed=6560 written=6560 skipped=0
processed=6576 written=6576 skipped=0
processed=6592 written=6592 skipped=0
processed=6608 written=6608 skipped=0
processed=6624 written=6624 skipped=0
processed=6640 written=6640 skipped=0
processed=6656 written=6656 skipped=0
processed=6672 written=6672 skipped=0
processed=6688 written=6688 skipped=0
processed=6704 written=6704 skipped=0
processed=6720 written=6720 skipped=0
processed=6736 written=6736 skipped=0
processed=6752 written=6752 skipped=0
processed=6768 written=6768 skipped=0
processed=6784 written=6784 skipped=0
processed=6800 written=6800 skipped=0
processed=6816 written=6816 skipped=0
processed=6832 written=6832 skipped=0
processed=6848 written=6848 skipped=0
processed=6864 written=6864 skipped=0
processed=6880 written=6880 skipped=0
processed=6896 written=6896 skipped=0
processed=6912 written=6912 skipped=0
processed=6928 written=6928 skipped=0
processed=6944 written=6944 skipped=0
processed=6960 written=6960 skipped=0
processed=6976 written=6976 skipped=0
processed=6992 written=6992 skipped=0
processed=7008 written=7008 skipped=0
processed=7024 written=7024 skipped=0
processed=7040 written=7040 skipped=0
processed=7056 written=7056 skipped=0
processed=7072 written=7072 skipped=0
processed=7088 written=7088 skipped=0
processed=7104 written=7104 skipped=0
processed=7120 written=7120 skipped=0
processed=7136 written=7136 skipped=0
processed=7152 written=7152 skipped=0
processed=7168 written=7168 skipped=0
processed=7184 written=7184 skipped=0
processed=7200 written=7200 skipped=0
processed=7216 written=7216 skipped=0
processed=7232 written=7232 skipped=0
processed=7248 written=7248 skipped=0
processed=7264 written=7264 skipped=0
processed=7280 written=7280 skipped=0
processed=7296 written=7296 skipped=0
processed=7312 written=7312 skipped=0
processed=7328 written=7328 skipped=0
processed=7344 written=7344 skipped=0
processed=7360 written=7360 skipped=0
processed=7376 written=7376 skipped=0
processed=7392 written=7392 skipped=0
processed=7408 written=7408 skipped=0
processed=7424 written=7424 skipped=0
processed=7440 written=7440 skipped=0
processed=7456 written=7456 skipped=0
processed=7472 written=7472 skipped=0
processed=7488 written=7488 skipped=0
processed=7504 written=7504 skipped=0
processed=7520 written=7520 skipped=0
processed=7536 written=7536 skipped=0
processed=7552 written=7552 skipped=0
processed=7568 written=7568 skipped=0
processed=7584 written=7584 skipped=0
processed=7600 written=7600 skipped=0
processed=7616 written=7616 skipped=0
processed=7632 written=7632 skipped=0
processed=7648 written=7648 skipped=0
processed=7664 written=7664 skipped=0
processed=7680 written=7680 skipped=0
processed=7696 written=7696 skipped=0
processed=7712 written=7712 skipped=0
processed=7728 written=7728 skipped=0
processed=7744 written=7744 skipped=0
processed=7760 written=7760 skipped=0
processed=7776 written=7776 skipped=0
processed=7792 written=7792 skipped=0
processed=7808 written=7808 skipped=0
processed=7824 written=7824 skipped=0
processed=7840 written=7840 skipped=0
processed=7856 written=7856 skipped=0
processed=7872 written=7872 skipped=0
processed=7888 written=7888 skipped=0
processed=7904 written=7904 skipped=0
processed=7920 written=7920 skipped=0
processed=7936 written=7936 skipped=0
processed=7952 written=7952 skipped=0
processed=7968 written=7968 skipped=0
processed=7984 written=7984 skipped=0
processed=8000 written=8000 skipped=0
processed=8016 written=8016 skipped=0
processed=8032 written=8032 skipped=0
processed=8048 written=8048 skipped=0
processed=8064 written=8064 skipped=0
processed=8080 written=8080 skipped=0
processed=8096 written=8096 skipped=0
processed=8112 written=8112 skipped=0
processed=8128 written=8128 skipped=0
processed=8144 written=8144 skipped=0
processed=8160 written=8160 skipped=0
processed=8176 written=8176 skipped=0
processed=8192 written=8192 skipped=0
processed=8208 written=8208 skipped=0
processed=8224 written=8224 skipped=0
processed=8240 written=8240 skipped=0
processed=8256 written=8256 skipped=0
processed=8272 written=8272 skipped=0
processed=8288 written=8288 skipped=0
processed=8304 written=8304 skipped=0
processed=8320 written=8320 skipped=0
processed=8336 written=8336 skipped=0
processed=8352 written=8352 skipped=0
processed=8368 written=8368 skipped=0
processed=8384 written=8384 skipped=0
processed=8400 written=8400 skipped=0
processed=8416 written=8416 skipped=0
processed=8432 written=8432 skipped=0
processed=8448 written=8448 skipped=0
processed=8464 written=8464 skipped=0
processed=8480 written=8480 skipped=0
processed=8496 written=8496 skipped=0
processed=8512 written=8512 skipped=0
processed=8528 written=8528 skipped=0
processed=8544 written=8544 skipped=0
processed=8560 written=8560 skipped=0
processed=8576 written=8576 skipped=0
processed=8592 written=8592 skipped=0
processed=8608 written=8608 skipped=0
processed=8624 written=8624 skipped=0
processed=8640 written=8640 skipped=0
processed=8656 written=8656 skipped=0
processed=8672 written=8672 skipped=0
processed=8688 written=8688 skipped=0
processed=8704 written=8704 skipped=0
processed=8720 written=8720 skipped=0
processed=8736 written=8736 skipped=0
processed=8752 written=8752 skipped=0
processed=8768 written=8768 skipped=0
processed=8784 written=8784 skipped=0
processed=8800 written=8800 skipped=0
processed=8816 written=8816 skipped=0
processed=8832 written=8832 skipped=0
processed=8848 written=8848 skipped=0
processed=8864 written=8864 skipped=0
processed=8880 written=8880 skipped=0
processed=8896 written=8896 skipped=0
processed=8912 written=8912 skipped=0
processed=8928 written=8928 skipped=0
processed=8944 written=8944 skipped=0
processed=8960 written=8960 skipped=0
processed=8976 written=8976 skipped=0
processed=8992 written=8992 skipped=0
processed=9008 written=9008 skipped=0
processed=9024 written=9024 skipped=0
processed=9040 written=9040 skipped=0
processed=9056 written=9056 skipped=0
processed=9072 written=9072 skipped=0
processed=9088 written=9088 skipped=0
processed=9104 written=9104 skipped=0
processed=9120 written=9120 skipped=0
processed=9136 written=9136 skipped=0
processed=9152 written=9152 skipped=0
processed=9168 written=9168 skipped=0
processed=9184 written=9184 skipped=0
processed=9200 written=9200 skipped=0
processed=9216 written=9216 skipped=0
processed=9232 written=9232 skipped=0
processed=9248 written=9248 skipped=0
processed=9264 written=9264 skipped=0
processed=9280 written=9280 skipped=0
processed=9296 written=9296 skipped=0
processed=9312 written=9312 skipped=0
processed=9328 written=9328 skipped=0
processed=9344 written=9344 skipped=0
processed=9360 written=9360 skipped=0
processed=9376 written=9376 skipped=0
processed=9392 written=9392 skipped=0
processed=9408 written=9408 skipped=0
processed=9424 written=9424 skipped=0
processed=9440 written=9440 skipped=0
processed=9456 written=9456 skipped=0
processed=9472 written=9472 skipped=0
processed=9488 written=9488 skipped=0
processed=9504 written=9504 skipped=0
processed=9520 written=9520 skipped=0
processed=9536 written=9536 skipped=0
processed=9552 written=9552 skipped=0
processed=9568 written=9568 skipped=0
processed=9584 written=9584 skipped=0
processed=9600 written=9600 skipped=0
processed=9616 written=9616 skipped=0
processed=9632 written=9632 skipped=0
processed=9648 written=9648 skipped=0
processed=9664 written=9664 skipped=0
processed=9680 written=9680 skipped=0
processed=9696 written=9696 skipped=0
processed=9712 written=9712 skipped=0
processed=9728 written=9728 skipped=0
processed=9744 written=9744 skipped=0
processed=9760 written=9760 skipped=0
processed=9776 written=9776 skipped=0
processed=9792 written=9792 skipped=0
processed=9808 written=9808 skipped=0
processed=9824 written=9824 skipped=0
processed=9840 written=9840 skipped=0
processed=9856 written=9856 skipped=0
processed=9872 written=9872 skipped=0
processed=9888 written=9888 skipped=0
processed=9904 written=9904 skipped=0
processed=9920 written=9920 skipped=0
processed=9936 written=9936 skipped=0
processed=9952 written=9952 skipped=0
processed=9968 written=9968 skipped=0
processed=9984 written=9984 skipped=0
processed=10000 written=10000 skipped=0
processed=10016 written=10016 skipped=0
processed=10032 written=10032 skipped=0
processed=10048 written=10048 skipped=0
processed=10064 written=10064 skipped=0
processed=10080 written=10080 skipped=0
processed=10096 written=10096 skipped=0
processed=10112 written=10112 skipped=0
processed=10128 written=10128 skipped=0
processed=10144 written=10144 skipped=0
processed=10160 written=10160 skipped=0
processed=10176 written=10176 skipped=0
processed=10192 written=10192 skipped=0
processed=10208 written=10208 skipped=0
processed=10224 written=10224 skipped=0
processed=10240 written=10240 skipped=0
processed=10256 written=10256 skipped=0
processed=10272 written=10272 skipped=0
processed=10288 written=10288 skipped=0
processed=10304 written=10304 skipped=0
processed=10320 written=10320 skipped=0
processed=10336 written=10336 skipped=0
processed=10352 written=10352 skipped=0
processed=10368 written=10368 skipped=0
processed=10384 written=10384 skipped=0
processed=10400 written=10400 skipped=0
processed=10416 written=10416 skipped=0
processed=10432 written=10432 skipped=0
processed=10448 written=10448 skipped=0
processed=10464 written=10464 skipped=0
processed=10480 written=10480 skipped=0
processed=10496 written=10496 skipped=0
processed=10512 written=10512 skipped=0
processed=10528 written=10528 skipped=0
processed=10544 written=10544 skipped=0
processed=10560 written=10560 skipped=0
processed=10576 written=10576 skipped=0
processed=10592 written=10592 skipped=0
processed=10608 written=10608 skipped=0
processed=10624 written=10624 skipped=0
processed=10640 written=10640 skipped=0
processed=10656 written=10656 skipped=0
processed=10672 written=10672 skipped=0
processed=10688 written=10688 skipped=0
processed=10704 written=10704 skipped=0
processed=10720 written=10720 skipped=0
processed=10736 written=10736 skipped=0
processed=10752 written=10752 skipped=0
processed=10768 written=10768 skipped=0
processed=10784 written=10784 skipped=0
processed=10800 written=10800 skipped=0
processed=10816 written=10816 skipped=0
processed=10832 written=10832 skipped=0
processed=10848 written=10848 skipped=0
processed=10864 written=10864 skipped=0
processed=10880 written=10880 skipped=0

scontrol show job 605017
JobId=605017 JobName=osc-found-feats
   UserId=nickyun(3149997) GroupId=nickyun(3149997) MCS_label=N/A
   Priority=10471230 Nice=0 Account=def-pingw QOS=normal
   JobState=COMPLETING Reason=NonZeroExitCode Dependency=(null)
   Requeue=0 Restarts=0 BatchFlag=1 Reboot=0 ExitCode=1:0
   RunTime=00:24:01 TimeLimit=01:00:00 TimeMin=N/A
   SubmitTime=2026-06-17T18:04:18 EligibleTime=2026-06-17T18:04:18
   AccrueTime=2026-06-17T18:04:18
   StartTime=2026-06-17T18:05:13 EndTime=2026-06-17T18:29:14 Deadline=N/A
   SuspendTime=None SecsPreSuspend=0 LastSchedEval=2026-06-17T18:05:13 Scheduler=Main
   Partition=debug AllocNode:Sid=trig-login01:1682226
   ReqNodeList=(null) ExcNodeList=(null)
   NodeList=trig0059
   BatchHost=trig0059
   NumNodes=1 NumCPUs=4 NumTasks=1 CPUs/Task=4 ReqB:S:C:T=0:0:*:*
   ReqTRES=cpu=4,mem=192500M,node=1,billing=1,gres/gpu=1
   AllocTRES=cpu=4,mem=192500M,node=1,billing=1,gres/gpu=1
   Socks/Node=* NtasksPerN:B:S:C=0:0:*:* CoreSpec=*
   MinCPUsNode=4 MinMemoryNode=192500M MinTmpDiskNode=0
   Features=(null) DelayBoot=00:00:00
   OverSubscribe=OK Contiguous=0 Licenses=(null) LicensesAlloc=(null) Network=(null)
   Command=/scratch/nickyun/new_study/opensemcom/slurm/extract_foundation_features.slurm
   SubmitLine=SBATCH --comment /opt/slurm/bin/sbatch --export=NONE --get-user-env --partition=debug --time=01:00:00 --export=ALL,OPENSEMCOM_FEATURE_MODEL_ID=google/siglip-base-patch16-224,OPENSEMCOM_FEATURE_BATCH_SIZE=16,OPENSEMCOM_FEATURE_DEVICE=cpu slurm/extract_foundation_features.slurm --export=NONE --get-user-env --partition=debug --time=01:00:00 --export=ALL,OPENSEMCOM_FEATURE_MODEL_ID=google/siglip-base-patch16-224,OPENSEMCOM_FEATURE_BATCH_SIZE=16,OPENSEMCOM_FEATURE_DEVICE=cpu slurm/extract_foundation_features.slurm
   WorkDir=/scratch/nickyun/new_study/opensemcom
   Comment=/opt/slurm/bin/sbatch --export=NONE --get-user-env --partition=debug --time=01:00:00 --export=ALL,OPENSEMCOM_FEATURE_MODEL_ID=google/siglip-base-patch16-224,OPENSEMCOM_FEATURE_BATCH_SIZE=16,OPENSEMCOM_FEATURE_DEVICE=cpu slurm/extract_foundation_features.slurm
   StdErr=/home/nickyun/links/scratch/new_study/opensemcom/logs/osc-found-feats-605017.err
   StdIn=/dev/null
   StdOut=/home/nickyun/links/scratch/new_study/opensemcom/logs/osc-found-feats-605017.out
   TresPerNode=gres/gpu:1
   TresPerTask=cpu=4

sacct -j 605017
JobID           JobName    Account    Elapsed  MaxVMSize     MaxRSS  SystemCPU    UserCPU ExitCode 
------------ ---------- ---------- ---------- ---------- ---------- ---------- ---------- -------- 
605017       osc-found+  def-pingw   00:24:01                         00:00:00   00:00:00      0:0 
605017.batch      batch  def-pingw   00:24:01                         00:00:00   00:00:00      0:0 
605017.exte+     extern  def-pingw   00:24:01                         00:00:00   00:00:00      0:0 

