initializing model=facebook/dinov2-small device=cpu
loading processor from local cache
loading model from local cache
initialized model=facebook/dinov2-small resolved_device=cpu

scontrol show job 605012
JobId=605012 JobName=osc-found-feats
   UserId=nickyun(3149997) GroupId=nickyun(3149997) MCS_label=N/A
   Priority=10471230 Nice=0 Account=def-pingw QOS=normal
   JobState=COMPLETING Reason=NonZeroExitCode Dependency=(null)
   Requeue=0 Restarts=0 BatchFlag=1 Reboot=0 ExitCode=1:0
   RunTime=00:00:24 TimeLimit=01:00:00 TimeMin=N/A
   SubmitTime=2026-06-17T17:56:38 EligibleTime=2026-06-17T17:56:38
   AccrueTime=2026-06-17T17:56:38
   StartTime=2026-06-17T17:56:39 EndTime=2026-06-17T17:57:03 Deadline=N/A
   SuspendTime=None SecsPreSuspend=0 LastSchedEval=2026-06-17T17:56:39 Scheduler=Main
   Partition=debug AllocNode:Sid=trig-login01:1417433
   ReqNodeList=(null) ExcNodeList=(null)
   NodeList=trig0001
   BatchHost=trig0001
   NumNodes=1 NumCPUs=4 NumTasks=1 CPUs/Task=4 ReqB:S:C:T=0:0:*:*
   ReqTRES=cpu=4,mem=192500M,node=1,billing=1,gres/gpu=1
   AllocTRES=cpu=4,mem=192500M,node=1,billing=1,gres/gpu=1
   Socks/Node=* NtasksPerN:B:S:C=0:0:*:* CoreSpec=*
   MinCPUsNode=4 MinMemoryNode=192500M MinTmpDiskNode=0
   Features=(null) DelayBoot=00:00:00
   OverSubscribe=OK Contiguous=0 Licenses=(null) LicensesAlloc=(null) Network=(null)
   Command=/scratch/nickyun/new_study/opensemcom/slurm/extract_foundation_features.slurm
   SubmitLine=SBATCH --comment /opt/slurm/bin/sbatch --export=NONE --get-user-env --partition=debug --time=01:00:00 --export=ALL,OPENSEMCOM_FEATURE_MODEL_ID=facebook/dinov2-small,OPENSEMCOM_FEATURE_BATCH_SIZE=32,OPENSEMCOM_FEATURE_DEVICE=cpu slurm/extract_foundation_features.slurm --export=NONE --get-user-env --partition=debug --time=01:00:00 --export=ALL,OPENSEMCOM_FEATURE_MODEL_ID=facebook/dinov2-small,OPENSEMCOM_FEATURE_BATCH_SIZE=32,OPENSEMCOM_FEATURE_DEVICE=cpu slurm/extract_foundation_features.slurm
   WorkDir=/scratch/nickyun/new_study/opensemcom
   Comment=/opt/slurm/bin/sbatch --export=NONE --get-user-env --partition=debug --time=01:00:00 --export=ALL,OPENSEMCOM_FEATURE_MODEL_ID=facebook/dinov2-small,OPENSEMCOM_FEATURE_BATCH_SIZE=32,OPENSEMCOM_FEATURE_DEVICE=cpu slurm/extract_foundation_features.slurm
   StdErr=/home/nickyun/links/scratch/new_study/opensemcom/logs/osc-found-feats-605012.err
   StdIn=/dev/null
   StdOut=/home/nickyun/links/scratch/new_study/opensemcom/logs/osc-found-feats-605012.out
   TresPerNode=gres/gpu:1
   TresPerTask=cpu=4

sacct -j 605012
JobID           JobName    Account    Elapsed  MaxVMSize     MaxRSS  SystemCPU    UserCPU ExitCode 
------------ ---------- ---------- ---------- ---------- ---------- ---------- ---------- -------- 
605012       osc-found+  def-pingw   00:00:24                         00:00:00   00:00:00      0:0 
605012.batch      batch  def-pingw   00:00:24                         00:00:00   00:00:00      0:0 
605012.exte+     extern  def-pingw   00:00:24                         00:00:00   00:00:00      0:0 

